12591
['12591', '10244', '231', '2150', '1093']
[0.1387591, 0.09968514, 0.03342152, 0.021783568, 0.019793395]
10244
['10244', '12591', '30', '1093', '12590']
[0.14286195, 0.12231073, 0.027210323, 0.024825264, 0.015723899]
12591
['12591', '10244', '30', '231', '1093']
[0.12050596, 0.1105726, 0.027291415, 0.026668448, 0.022778405]
12591
['12591', '10244', '231', '1093', '30']
[0.14860907, 0.12526768, 0.03300667, 0.02269933, 0.017414263]
10244
['10244', '12591', '1093', '231', '30']
[0.18398172, 0.10422697, 0.026408495, 0.02542056, 0.01655055]
12591
['12591', '10244', '30', '1093', '1094']
[0.09677597, 0.082790315, 0.035456423, 0.020617176, 0.016078785]
12591
['12591', '10244', '231', '30', '1093']
[0.15355754, 0.07536733, 0.049103618, 0.025838109, 0.019692084]
12591
['12591', '10244', '231', '30', '1093']
[0.13833009, 0.13312535, 0.05378055, 0.031277057, 0.024236418]
12591
['12591', '30', '10244', '231', '10246']
[0.12304905, 0.03665044, 0.027989252, 0.027838282, 0.01822884]
12591
['12591', '10244', '30', '231', '2150']
[0.23760265, 0.105622075, 0.03577948, 0.028974876, 0.015404361]
2150
['2150', '2412', '175', '2389', '2148']
[0.24475268, 0.09815361, 0.022747038, 0.022743113, 0.02002314]
2150
['2150', '2412', '2148', '2389', '12591']
[0.1881702, 0.113960184, 0.033215784, 0.026586393, 0.022167185]
2150
['2150', '175', '2389', '2412', '550']
[0.09594771, 0.08397725, 0.08214503, 0.05436553, 0.02606636]
2150
['2150', '2412', '175', '30', '2389']
[0.18830763, 0.05584427, 0.032398466, 0.03152055, 0.022754949]
2150
['2150', '2412', '231', '175', '30']
[0.1568098, 0.044564366, 0.03215515, 0.031174818, 0.027600834]
2150
['2150', '2412', '175', '2148', '2389']
[0.16071086, 0.083855905, 0.03492062, 0.022365386, 0.02199709]
2150
['2150', '2412', '2389', '175', '2148']
[0.20793903, 0.119866796, 0.032824505, 0.02994404, 0.023821102]
2150
['2150', '2412', '2148', '2389', '6328']
[0.21956874, 0.10239942, 0.035128385, 0.034651536, 0.021374954]
2150
['2150', '2412', '2389', '2148', '175']
[0.20359544, 0.1361702, 0.034349486, 0.024287235, 0.020227656]
2150
['2150', '2412', '2389', '12591', '10244']
[0.20772587, 0.073802516, 0.039229605, 0.03207773, 0.019859608]
12591
['12591', '12590', '2150', '10260', '2389']
[0.039047036, 0.033843674, 0.03202911, 0.024435027, 0.022104388]
2389
['2389', '2150', '175', '12591', '12590']
[0.058640197, 0.058350813, 0.05171237, 0.04673453, 0.03721614]
12590
['12590', '10260', '550', '12591', '12558']
[0.09706171, 0.050147433, 0.047669824, 0.042939845, 0.04222189]
12590
['12590', '12591', '10260', '2150', '12558']
[0.10785986, 0.07775818, 0.057146616, 0.03747497, 0.034255918]
12590
['12590', '2150', '12591', '10260', '381']
[0.0726933, 0.039958093, 0.033562236, 0.026496284, 0.022463704]
12590
['12590', '12591', '2150', '10260', '12558']
[0.09673346, 0.07915401, 0.039999697, 0.033273786, 0.028040756]
12590
['12590', '10260', '2150', '12591', '12558']
[0.22336125, 0.05930376, 0.03582291, 0.030896896, 0.020856202]
12590
['12590', '12591', '10260', '2150', '6328']
[0.17989323, 0.06375173, 0.034715634, 0.033567525, 0.023949927]
12590
['12590', '2150', '10260', '12591', '10244']
[0.21716635, 0.03872266, 0.030339682, 0.02631839, 0.024453009]
12590
['12590', '12591', '2150', '10260', '12558']
[0.1401613, 0.051968418, 0.04024262, 0.033719327, 0.026067933]
12591
['12591', '10244', '1093', '10260', '10249']
[0.11126745, 0.083571024, 0.050313577, 0.029743584, 0.02857836]
1093
['1093', '380', '10244', '381', '12558']
[0.03831493, 0.026556736, 0.023290593, 0.023281083, 0.022725908]
10244
['10244', '381', '12591', '1093', '30']
[0.24325043, 0.056694258, 0.055903275, 0.036014397, 0.031797905]
10244
['10244', '381', '12028', '30', '550']
[0.13104928, 0.062087506, 0.033306736, 0.031253546, 0.02888231]
10244
['10244', '1093', '12590', '12028', '30']
[0.37533706, 0.032952663, 0.021341136, 0.020887591, 0.020390969]
10260
['10260', '12591', '12590', '10244', '12558']
[0.12914373, 0.055001546, 0.043066826, 0.025464805, 0.024281057]
10244
['10244', '10260', '12591', '12590', '10249']
[0.08338562, 0.058900446, 0.044336013, 0.041333653, 0.026195673]
10260
['10260', '10244', '12590', '10249', '12591']
[0.11604088, 0.0823996, 0.07046951, 0.034923084, 0.016228478]
10260
['10260', '12590', '10244', '12591', '10249']
[0.13527234, 0.05842156, 0.046957325, 0.030217677, 0.028303156]
10260
['10260', '12558', '12590', '10244', '10249']
[0.18158913, 0.041113015, 0.04074317, 0.028017547, 0.024008676]
231
['231', '12591', '10260', '2150', '10244']
[0.03318962, 0.02650734, 0.026300311, 0.024446517, 0.022642285]
12591
['12591', '12558', '231', '380', '1093']
[0.027628016, 0.019338412, 0.018464677, 0.018131547, 0.015566818]
231
['231', '12591', '2368', '380', '226']
[0.022652049, 0.019990295, 0.015430037, 0.015083808, 0.014635022]
12558
['12558', '381', '12591', '231', '2150']
[0.020671098, 0.017838717, 0.017711123, 0.017560868, 0.016493266]
231
['231', '1093', '10244', '12591', '12558']
[0.04044499, 0.029155966, 0.026505908, 0.02027137, 0.018061388]
231
['231', '12591', '1093', '12558', '10244']
[0.04643449, 0.031544145, 0.03127284, 0.022986218, 0.019618044]
12558
['12558', '12591', '381', '231', '10249']
[0.035187505, 0.027932335, 0.024645131, 0.024117857, 0.019128677]
1093
['1093', '231', '10244', '30', '12028']
[0.066838495, 0.04231827, 0.032240063, 0.027947284, 0.02481155]
10244
['10244', '1093', '231', '381', '12591']
[0.0750894, 0.061390318, 0.03900701, 0.03201229, 0.030176409]
1093
['1093', '10244', '30', '2150', '12558']
[0.03672788, 0.028669242, 0.021471705, 0.021218006, 0.021211661]
10244
['10244', '1093', '12591', '381', '12028']
[0.12850814, 0.06431541, 0.05957727, 0.059575316, 0.04187059]
381
['381', '12591', '10244', '1093', '12558']
[0.10026074, 0.046554364, 0.04251312, 0.024699785, 0.022600688]
1093
['1093', '381', '12591', '10244', '231']
[0.057430357, 0.03806617, 0.031338234, 0.0286697, 0.020158077]
381
['381', '1093', '380', '12591', '12558']
[0.10586221, 0.043912396, 0.04015789, 0.029943638, 0.027069954]
12591
['12591', '10244', '1093', '231', '2366']
[0.17526597, 0.081997864, 0.039282814, 0.034343027, 0.017564856]
10244
['10244', '12591', '381', '2150', '12590']
[0.0340977, 0.027608925, 0.025557062, 0.025333848, 0.01946679]
12591
['12591', '10244', '10260', '12590', '12558']
[0.09025513, 0.05652506, 0.020069297, 0.019214775, 0.01794195]
12591
['12591', '10260', '12590', '2090', '2150']
[0.038841143, 0.034757186, 0.024780747, 0.019229816, 0.017706027]
10244
['10244', '12591', '12590', '381', '2150']
[0.041042227, 0.03271046, 0.01758736, 0.017551, 0.015970146]
12591
['12591', '10244', '10260', '12558', '231']
[0.09407169, 0.047061477, 0.031249812, 0.01885316, 0.0178978]
2150
['2150', '12591', '10244', '12590', '12558']
[0.14346568, 0.09849577, 0.07962225, 0.03139834, 0.026740307]
2150
['2150', '12591', '10244', '10249', '12590']
[0.118238166, 0.0954733, 0.08961898, 0.03670237, 0.02370534]
12591
['12591', '10244', '12590', '10249', '2150']
[0.15061694, 0.0743388, 0.041698907, 0.030233903, 0.029007602]
10244
['10244', '2150', '12591', '12590', '10249']
[0.079525635, 0.058927286, 0.039091416, 0.030552236, 0.025540017]
12591
['12591', '10244', '2150', '381', '550']
[0.0836821, 0.051009897, 0.042349808, 0.031836886, 0.031548195]
2150
['2150', '10244', '12591', '12590', '10249']
[0.14438862, 0.07730222, 0.049247477, 0.03747005, 0.018186223]
12591
['12591', '2150', '10244', '12590', '1093']
[0.07280851, 0.07173819, 0.059689805, 0.040513676, 0.023037191]
10244
['10244', '2150', '12591', '12590', '1093']
[0.0877911, 0.079168245, 0.06429062, 0.028974399, 0.025622685]
10244
['10244', '2150', '12591', '10249', '30']
[0.112006396, 0.08382943, 0.067892, 0.029024376, 0.023728315]
12591
['12591', '2150', '10244', '1093', '226']
[0.11247141, 0.061729785, 0.033484086, 0.025547879, 0.022542825]
30
['30', '2150', '12591', '231', '12558']
[0.09852514, 0.05440649, 0.028257657, 0.024729041, 0.019332426]
2150
['2150', '30', '10246', '2389', '12590']
[0.050366387, 0.04705725, 0.034575135, 0.018530698, 0.017634118]
30
['30', '231', '2150', '12591', '2147']
[0.051275276, 0.04118394, 0.0219353, 0.01952878, 0.018313533]
231
['231', '12591', '30', '10246', '2150']
[0.06796283, 0.040276404, 0.037276108, 0.031045355, 0.0275514]
231
['231', '30', '12591', '10246', '2150']
[0.05954534, 0.04216682, 0.037483577, 0.035666622, 0.029880824]
30
['30', '10244', '231', '12591', '12590']
[0.19035067, 0.059887968, 0.038880445, 0.0212656, 0.02109821]
30
['30', '2150', '12591', '231', '12590']
[0.0907821, 0.04426504, 0.025115483, 0.024003409, 0.018888677]
30
['30', '2150', '12558', '10246', '12591']
[0.08147723, 0.06489077, 0.021908006, 0.02027355, 0.018506024]
30
['30', '2150', '231', '12591', '10244']
[0.112340584, 0.039987873, 0.036695678, 0.027839119, 0.021872299]
30
['30', '231', '2331', '1094', '2150']
[0.06645776, 0.025881406, 0.021759128, 0.01942342, 0.019301165]
175
['175', '700', '12558', '12591', '231']
[0.1446266, 0.081242606, 0.032893546, 0.031121114, 0.030489253]
175
['175', '12558', '12591', '10260', '231']
[0.1378711, 0.054487396, 0.042324148, 0.03718551, 0.02746502]
175
['175', '12558', '550', '10260', '12591']
[0.24237862, 0.090681165, 0.06994643, 0.034911584, 0.024257172]
175
['175', '1093', '550', '12558', '700']
[0.05802139, 0.04322616, 0.036792338, 0.024663826, 0.02261266]
175
['175', '12558', '12591', '550', '700']
[0.17307808, 0.06539318, 0.042698067, 0.02929215, 0.023892377]
175
['175', '12558', '12591', '2150', '10260']
[0.09801939, 0.065651834, 0.056104206, 0.026655274, 0.025548475]
12591
['12591', '12558', '175', '2150', '700']
[0.13627559, 0.11954129, 0.050686102, 0.02277586, 0.022156551]
12558
['12558', '175', '12591', '1093', '700']
[0.17596193, 0.10036505, 0.07309111, 0.02139572, 0.017409015]
175
['175', '12591', '12558', '10260', '10244']
[0.16241576, 0.06122001, 0.05393375, 0.03194619, 0.024821121]
175
['175', '12558', '12591', '10244', '10260']
[0.14095186, 0.04899315, 0.047109246, 0.022214798, 0.0214088]
12591
['12591', '10244', '2150', '12590', '1093']
[0.078686275, 0.0686436, 0.05130208, 0.024373831, 0.021338576]
12591
['12591', '10244', '2150', '12590', '231']
[0.14735046, 0.08926115, 0.04866256, 0.022778664, 0.018718725]
10244
['10244', '12591', '2150', '10249', '12558']
[0.16374426, 0.112245634, 0.03762359, 0.035021268, 0.03435977]
12591
['12591', '10244', '2150', '1093', '10249']
[0.14399108, 0.11427301, 0.042408567, 0.02274449, 0.022088958]
10244
['10244', '12591', '2150', '10249', '12590']
[0.1686349, 0.12418032, 0.04032401, 0.026445756, 0.02023573]
12591
['12591', '2150', '10244', '12590', '226']
[0.13325767, 0.057392858, 0.0487742, 0.03460855, 0.019365543]
12591
['12591', '2150', '12558', '10244', '12590']
[0.27158886, 0.03784651, 0.034021337, 0.03003439, 0.02272353]
12591
['12591', '2150', '10244', '2148', '12590']
[0.05032024, 0.031616542, 0.026758155, 0.026121475, 0.018136112]
12591
['12591', '2150', '10244', '12590', '226']
[0.17272967, 0.057161268, 0.05224999, 0.01642318, 0.015812766]
12591
['12591', '10244', '12590', '2150', '1093']
[0.13666926, 0.05888127, 0.028830728, 0.027257252, 0.024051735]
2150
['2150', '10244', '12590', '12591', '10249']
[0.07302619, 0.06851055, 0.048033495, 0.044055317, 0.03170787]
2150
['2150', '12591', '10249', '2366', '2412']
[0.16420117, 0.055199366, 0.033413205, 0.030265374, 0.029541416]
2150
['2150', '10244', '10249', '12591', '12590']
[0.10262763, 0.07932541, 0.06240959, 0.05121012, 0.029211538]
2150
['2150', '10244', '12590', '12591', '550']
[0.06777268, 0.059730556, 0.036330566, 0.030574825, 0.018161902]
10244
['10244', '12590', '12591', '2150', '10249']
[0.07979031, 0.0636029, 0.062289514, 0.045317236, 0.025973959]
2150
['2150', '12590', '10244', '12591', '10249']
[0.1743121, 0.048469923, 0.03929554, 0.029286193, 0.019477667]
2150
['2150', '10244', '12591', '12590', '10249']
[0.091520935, 0.055241786, 0.054329436, 0.040243987, 0.025703637]
2150
['2150', '12591', '10244', '12590', '10249']
[0.14508663, 0.13506779, 0.07219084, 0.027181188, 0.026379084]
2150
['2150', '10244', '12590', '12591', '550']
[0.07064058, 0.062128175, 0.034091037, 0.030273937, 0.024206256]
2150
['2150', '12591', '12590', '12558', '10244']
[0.09770349, 0.054649875, 0.029897543, 0.023016788, 0.02111348]
12591
['12591', '2150', '10244', '231', '2366']
[0.12611856, 0.05051394, 0.031839762, 0.02585641, 0.023247413]
12591
['12591', '2150', '12558', '10244', '1093']
[0.16718946, 0.05058328, 0.030960098, 0.025858276, 0.025275629]
12591
['12591', '12558', '2150', '10249', '175']
[0.1863378, 0.11181886, 0.05208707, 0.039415605, 0.027109683]
12591
['12591', '2150', '2301', '2366', '10244']
[0.10485827, 0.039825663, 0.033996042, 0.033449113, 0.031554475]
12591
['12591', '12558', '2150', '12590', '10244']
[0.099511996, 0.068722576, 0.045384042, 0.027950099, 0.026957326]
12591
['12591', '10249', '10244', '2150', '12558']
[0.059380457, 0.051415864, 0.037973456, 0.03535517, 0.031028794]
12591
['12591', '2150', '10244', '10249', '1093']
[0.124823436, 0.08866082, 0.048856054, 0.0380704, 0.02954226]
2150
['2150', '12591', '10244', '12558', '10249']
[0.10609591, 0.07552641, 0.032776058, 0.03123016, 0.024468815]
2150
['2150', '10244', '12591', '12590', '10249']
[0.2009434, 0.04001461, 0.038646042, 0.034099076, 0.028723149]
2150
['2150', '2148', '12591', '12558', '10244']
[0.11785458, 0.034089763, 0.029098783, 0.025264263, 0.023517922]
10244
['10244', '2301', '12591', '1093', '231']
[0.038503632, 0.031650852, 0.029377738, 0.025968144, 0.024249714]
12591
['12591', '10244', '1093', '2150', '2301']
[0.03877371, 0.037560944, 0.028789854, 0.018865433, 0.017422032]
2301
['2301', '12591', '10244', '10260', '231']
[0.061327666, 0.044040553, 0.042335313, 0.041171346, 0.035433266]
10244
['10244', '1093', '12591', '2301', '10249']
[0.044189148, 0.032165408, 0.030623686, 0.026092893, 0.018189402]
2301
['2301', '231', '1093', '12591', '2366']
[0.039052512, 0.031875145, 0.029394975, 0.02315509, 0.021273216]
231
['231', '10244', '1093', '12591', '2150']
[0.038076688, 0.036212567, 0.03294355, 0.03166645, 0.030349005]
12591
['12591', '2150', '231', '2301', '10244']
[0.04669123, 0.040216822, 0.030646523, 0.029724259, 0.028388917]
10244
['10244', '1093', '12591', '231', '2301']
[0.08591319, 0.051531214, 0.03667559, 0.028087148, 0.023897901]
10244
['10244', '12591', '2150', '1093', '231']
[0.05690156, 0.037870154, 0.031409126, 0.02697529, 0.023468645]
12591
['12591', '2150', '10244', '2301', '10246']
[0.043729126, 0.040706847, 0.03361, 0.031739198, 0.031247057]
2150
['2150', '12590', '2389', '10260', '231']
[0.041678194, 0.032928865, 0.025431735, 0.025357256, 0.023632722]
2150
['2150', '12590', '10260', '2389', '2412']
[0.094348855, 0.056500353, 0.039160863, 0.031996693, 0.022629563]
2150
['2150', '12590', '10260', '12591', '231']
[0.073983885, 0.056455646, 0.04440841, 0.028174521, 0.027996164]
12590
['12590', '10260', '12591', '2389', '2150']
[0.0590508, 0.03258485, 0.030062353, 0.023328517, 0.02286672]
2150
['2150', '12590', '12591', '10260', '30']
[0.0986645, 0.094018735, 0.03739701, 0.026478648, 0.02606944]
12590
['12590', '2150', '12591', '10244', '30']
[0.11266193, 0.08896213, 0.040700592, 0.031234534, 0.030294525]
2150
['2150', '12590', '30', '12591', '2389']
[0.15275235, 0.13841128, 0.06990408, 0.044130597, 0.032181207]
2150
['2150', '30', '12590', '12591', '10244']
[0.08498431, 0.07978093, 0.067140386, 0.056766264, 0.030487146]
12591
['12591', '2150', '12590', '30', '10244']
[0.08478677, 0.071582824, 0.052126072, 0.035601225, 0.031382456]
12590
['12590', '2150', '10244', '30', '12591']
[0.07002192, 0.067367665, 0.052078977, 0.04742816, 0.04063736]
6328
['6328', '2150', '10244', '12590', '2389']
[0.06038752, 0.031693034, 0.027619934, 0.026333014, 0.025948668]
2389
['2389', '2150', '6328', '12590', '30']
[0.05652524, 0.05139273, 0.033017777, 0.026287265, 0.023132602]
12590
['12590', '2150', '10244', '6328', '2389']
[0.061072286, 0.055652577, 0.046440303, 0.027112613, 0.026224151]
2150
['2150', '2389', '6328', '2412', '12590']
[0.036021214, 0.034244563, 0.026661893, 0.024534127, 0.020870868]
10244
['10244', '2150', '12590', '10249', '2412']
[0.047753904, 0.040938172, 0.03214493, 0.021682521, 0.020958873]
2150
['2150', '10244', '2389', '12590', '2301']
[0.053008854, 0.028331166, 0.02636846, 0.0206666, 0.01969208]
2150
['2150', '12590', '10244', '2389', '2412']
[0.051397193, 0.036000136, 0.029072674, 0.02818269, 0.027727734]
12590
['12590', '2389', '2150', '550', '12558']
[0.09226329, 0.082851976, 0.055802695, 0.042535525, 0.027566783]
10244
['10244', '6328', '2150', '2389', '12590']
[0.051709022, 0.0327992, 0.03236788, 0.02790841, 0.02505072]
6328
['6328', '10244', '2150', '12590', '2389']
[0.052185297, 0.033495963, 0.031663667, 0.027086515, 0.021952778]
2389
['2389', '175', '12591', '550', '12590']
[0.054638833, 0.047315605, 0.036837764, 0.03502974, 0.029301062]
2150
['2150', '2412', '12591', '2389', '12590']
[0.05202144, 0.05025191, 0.041359533, 0.032390587, 0.031133961]
2389
['2389', '175', '12591', '2150', '2412']
[0.087794915, 0.06712985, 0.050738543, 0.045197215, 0.028746268]
2389
['2389', '6328', '12590', '12591', '2150']
[0.09033329, 0.056308564, 0.04044085, 0.03964307, 0.037025854]
2389
['2389', '6328', '2150', '12590', '2412']
[0.05955621, 0.048273616, 0.035482515, 0.030567674, 0.027678836]
12591
['12591', '2389', '2150', '12590', '231']
[0.053952362, 0.039444573, 0.037356857, 0.037172724, 0.024241501]
2389
['2389', '12591', '2150', '175', '10260']
[0.07285508, 0.047754195, 0.035578556, 0.03264807, 0.028027566]
2389
['2389', '12591', '12590', '2150', '263']
[0.07397377, 0.050639044, 0.046834696, 0.03136135, 0.025937932]
12591
['12591', '2150', '2389', '10244', '175']
[0.043428086, 0.036310878, 0.027762689, 0.026210623, 0.02368499]
2389
['2389', '12591', '175', '2150', '12590']
[0.036394775, 0.032603573, 0.027603405, 0.026059652, 0.019382538]
2150
['2150', '12591', '2412', '10260', '550']
[0.11299724, 0.038862508, 0.025893629, 0.024011036, 0.022506462]
12591
['12591', '2150', '2412', '12590', '231']
[0.086597055, 0.08175678, 0.034420457, 0.030890493, 0.028609471]
2150
['2150', '12591', '10244', '12590', '2412']
[0.10348131, 0.07280238, 0.03568026, 0.033259574, 0.0289765]
2150
['2150', '10244', '12591', '12590', '2412']
[0.06420458, 0.060536932, 0.050766725, 0.039013173, 0.028026925]
12591
['12591', '10244', '2150', '12590', '12558']
[0.063802086, 0.06020541, 0.055088814, 0.027504673, 0.018148988]
2150
['2150', '12590', '2389', '10260', '2412']
[0.060804673, 0.028311035, 0.02543403, 0.024704134, 0.021418653]
2150
['2150', '12591', '12590', '10260', '2389']
[0.07458443, 0.06264743, 0.029169861, 0.024421727, 0.02394355]
2150
['2150', '10260', '12590', '550', '2389']
[0.061048225, 0.043300148, 0.040280014, 0.030532073, 0.030392475]
2150
['2150', '12591', '12590', '2389', '10260']
[0.047461577, 0.031082174, 0.029283052, 0.025517806, 0.02052378]
2150
['2150', '700', '12590', '2412', '2389']
[0.06119707, 0.029536242, 0.024991311, 0.023121733, 0.021004604]
10244
['10244', '1093', '12591', '231', '2301']
[0.25021577, 0.13526481, 0.04149058, 0.022259029, 0.019754767]
10244
['10244', '12591', '1093', '10249', '226']
[0.45177555, 0.06091465, 0.053030513, 0.020424763, 0.009503222]
10244
['10244', '1093', '12591', '10249', '231']
[0.31882712, 0.07681266, 0.0643972, 0.01909312, 0.010521922]
10244
['10244', '1093', '12591', '10260', '231']
[0.05129947, 0.048888877, 0.04129523, 0.020274758, 0.018786713]
1093
['1093', '10244', '12591', '10249', '2301']
[0.08974413, 0.07871452, 0.054946456, 0.03588337, 0.03499625]
10244
['10244', '12591', '1093', '12028', '231']
[0.16878177, 0.14396939, 0.10305669, 0.017471233, 0.012506769]
10244
['10244', '12591', '1093', '12028', '226']
[0.23832779, 0.10254997, 0.07977304, 0.014655822, 0.012191461]
10244
['10244', '1093', '12591', '12028', '231']
[0.25974056, 0.14268301, 0.056624193, 0.015241158, 0.009054991]
10244
['10244', '1093', '12591', '381', '12028']
[0.2033628, 0.176501, 0.078724146, 0.032070782, 0.017578157]
10244
['10244', '12591', '1093', '12028', '231']
[0.21303938, 0.09998054, 0.07940551, 0.018352212, 0.012398838]
10260
['10260', '2389', '12591', '12590', '2150']
[0.050189093, 0.03645064, 0.027694108, 0.026265064, 0.021435553]
10260
['10260', '12590', '12591', '2389', '10244']
[0.058215864, 0.047114745, 0.038026966, 0.027846603, 0.025873598]
12591
['12591', '10260', '2389', '12590', '10244']
[0.046707403, 0.04473684, 0.03611114, 0.023126358, 0.01783961]
12591
['12591', '10260', '550', '2389', '231']
[0.09382465, 0.04770326, 0.02731861, 0.025595965, 0.021447271]
2389
['2389', '10260', '12590', '12591', '2301']
[0.052552626, 0.043839872, 0.025746904, 0.024196364, 0.021749632]
12591
['12591', '12590', '10244', '2150', '12558']
[0.15271449, 0.042755734, 0.0377352, 0.029456623, 0.01951185]
12591
['12591', '2389', '2150', '12590', '6328']
[0.090847105, 0.07223086, 0.045527205, 0.033192933, 0.02662084]
12591
['12591', '12590', '10244', '2150', '6328']
[0.10075328, 0.044636257, 0.031830437, 0.030019531, 0.029544922]
12591
['12591', '2389', '2150', '6328', '2412']
[0.12136504, 0.04974863, 0.04480188, 0.03747742, 0.028447218]
12591
['12591', '2150', '12590', '2389', '10244']
[0.10254076, 0.033911817, 0.03275813, 0.02483591, 0.021115897]
2148
['2148', '2150', '2412', '192', '2389']
[0.12815656, 0.066565946, 0.055740662, 0.041429967, 0.016891096]
2150
['2150', '2412', '2148', '630', '192']
[0.16936068, 0.08397341, 0.04699792, 0.039847434, 0.024324108]
2150
['2150', '2148', '2412', '2389', '192']
[0.11742478, 0.09462027, 0.07239194, 0.018205537, 0.017593268]
2150
['2150', '2412', '2148', '192', '2389']
[0.18968002, 0.06269872, 0.033085085, 0.025423551, 0.020314919]
2150
['2150', '2412', '192', '2148', '12591']
[0.15043578, 0.06574661, 0.031817455, 0.022432359, 0.01704142]
192
['192', '2150', '12591', '2412', '2148']
[0.071786255, 0.057770357, 0.026426395, 0.02071179, 0.019824808]
192
['192', '2150', '2412', '1093', '2148']
[0.07441054, 0.03845317, 0.033936203, 0.026291018, 0.023354236]
2389
['2389', '231', '30', '12591', '12590']
[0.038237765, 0.036789507, 0.034602024, 0.026608378, 0.02078801]
30
['30', '10246', '2389', '2150', '12590']
[0.041211486, 0.032895118, 0.0328883, 0.030304492, 0.029058728]
30
['30', '2389', '231', '2150', '175']
[0.06332745, 0.05038446, 0.03474333, 0.031813934, 0.027262751]
2389
['2389', '30', '2150', '10246', '12590']
[0.072943166, 0.046602454, 0.039279476, 0.025009496, 0.02200249]
30
['30', '2389', '2150', '10244', '12591']
[0.04268974, 0.0371582, 0.028685426, 0.023010375, 0.021933833]
2389
['2389', '10246', '12591', '30', '231']
[0.043951645, 0.01599535, 0.014907847, 0.01352838, 0.013231499]
2389
['2389', '700', '30', '10246', '2150']
[0.06459856, 0.023954194, 0.017471423, 0.016110651, 0.015629688]
2389
['2389', '700', '10246', '231', '30']
[0.1265788, 0.022539642, 0.022098742, 0.018891457, 0.013815514]
2389
['2389', '30', '12590', '231', '10246']
[0.10748493, 0.021868464, 0.02120683, 0.020447008, 0.017392362]
2389
['2389', '175', '10246', '231', '30']
[0.09444489, 0.018412229, 0.017803332, 0.01641707, 0.016129185]
231
['231', '10260', '12591', '2301', '1093']
[0.05232849, 0.047696497, 0.038339514, 0.0291872, 0.0185507]
2301
['2301', '231', '10260', '12591', '1093']
[0.0516449, 0.037151344, 0.03700527, 0.03385537, 0.031252902]
2301
['2301', '1093', '10260', '231', '12591']
[0.06242264, 0.041052304, 0.0367907, 0.030256892, 0.023243807]
1093
['1093', '2301', '231', '10260', '12591']
[0.049533393, 0.039141685, 0.03275786, 0.031809736, 0.027380008]
10244
['10244', '12591', '10260', '2301', '10249']
[0.027562728, 0.02684042, 0.025163298, 0.022709364, 0.018408049]
12591
['12591', '10244', '1093', '226', '12028']
[0.30675718, 0.108798414, 0.036554277, 0.013307808, 0.010939]
12591
['12591', '10244', '1093', '226', '10249']
[0.3288737, 0.12591581, 0.020010928, 0.012808589, 0.009713485]
12591
['12591', '231', '10244', '1093', '818']
[0.44552076, 0.042547233, 0.024399338, 0.018049631, 0.015372708]
12591
['12591', '10244', '1093', '231', '12558']
[0.30535892, 0.05838826, 0.053147677, 0.0346127, 0.012925191]
12591
['12591', '1093', '10244', '2301', '231']
[0.25385153, 0.09105599, 0.055386, 0.03513967, 0.034659166]
12591
['12591', '12590', '10244', '10260', '2150']
[0.17351355, 0.08366776, 0.0675468, 0.01875698, 0.018653812]
12591
['12591', '10244', '12590', '550', '10260']
[0.1458543, 0.08582122, 0.07359069, 0.038442094, 0.032097925]
10244
['10244', '12590', '12591', '10260', '2150']
[0.0937392, 0.091412134, 0.08354317, 0.024995636, 0.018517908]
10244
['10244', '12591', '12590', '10260', '2323']
[0.22164126, 0.13247393, 0.10134127, 0.024642374, 0.017732196]
12591
['12591', '10244', '12590', '10260', '30']
[0.21694596, 0.123433165, 0.07535604, 0.031460285, 0.019294256]
10260
['10260', '12590', '12591', '10244', '2150']
[0.22353894, 0.21667129, 0.042792693, 0.03095092, 0.017688587]
10260
['10260', '12590', '10244', '12591', '2323']
[0.09347219, 0.08737416, 0.030697018, 0.028663505, 0.018421507]
12590
['12590', '10260', '10244', '2389', '1094']
[0.1717622, 0.04331539, 0.038868763, 0.026683543, 0.023404537]
12590
['12590', '10260', '2389', '10244', '1094']
[0.16282016, 0.055664483, 0.028036848, 0.0245423, 0.023701392]
12590
['12590', '10260', '12591', '10244', '550']
[0.106948815, 0.0739725, 0.034297418, 0.033967983, 0.021051934]
175
['175', '700', '231', '2150', '699']
[0.05304201, 0.051388547, 0.03555077, 0.03354209, 0.027204933]
818
['818', '2150', '231', '12591', '2412']
[0.041357726, 0.033583317, 0.030552799, 0.0229861, 0.02042279]
12591
['12591', '2150', '175', '818', '1093']
[0.040863805, 0.028147446, 0.024362307, 0.023754722, 0.022844655]
2150
['2150', '12591', '818', '175', '700']
[0.037566423, 0.035059847, 0.03297226, 0.026156234, 0.02416701]
2150
['2150', '231', '818', '12591', '1093']
[0.03357329, 0.032811612, 0.0283434, 0.025466982, 0.022544693]
700
['700', '2389', '626', '175', '231']
[0.054812297, 0.03372091, 0.029433036, 0.0273856, 0.023338448]
700
['700', '2389', '626', '2384', '175']
[0.064214945, 0.04524127, 0.0272375, 0.02234684, 0.020958496]
700
['700', '175', '2389', '2412', '2150']
[0.056214746, 0.053266834, 0.04929119, 0.035688728, 0.029330796]
700
['700', '2412', '175', '2389', '2150']
[0.044936787, 0.041215163, 0.040542845, 0.03375832, 0.02380898]
700
['700', '2412', '2150', '2148', '2389']
[0.034872327, 0.025314905, 0.024425378, 0.021890365, 0.018161343]
10244
['10244', '12591', '1093', '12028', '10249']
[0.39988965, 0.10769282, 0.06864515, 0.016804606, 0.0098969145]
10244
['10244', '12591', '1093', '12028', '2150']
[0.35641545, 0.15703501, 0.070406415, 0.00942743, 0.008214026]
10244
['10244', '1093', '12591', '12028', '381']
[0.35084578, 0.08824087, 0.037177987, 0.02090568, 0.010739607]
10244
['10244', '12591', '381', '1093', '12028']
[0.3007108, 0.10061269, 0.05464047, 0.04997318, 0.015280546]
10244
['10244', '12591', '1093', '381', '12028']
[0.3727163, 0.108055264, 0.044448033, 0.02609288, 0.019239828]
10244
['10244', '12591', '1093', '12028', '226']
[0.30459362, 0.09002594, 0.074834526, 0.01686839, 0.013697452]
12591
['12591', '10244', '1093', '12028', '380']
[0.15374538, 0.1416886, 0.07236192, 0.021057764, 0.015543608]
10244
['10244', '12591', '1093', '12028', '231']
[0.34245533, 0.06603012, 0.060023125, 0.017626062, 0.011811167]
10244
['10244', '12591', '1093', '12590', '231']
[0.29112288, 0.23656118, 0.025171107, 0.012227812, 0.0110789845]
10244
['10244', '12591', '1093', '12028', '10249']
[0.4948339, 0.066298135, 0.042475186, 0.014471491, 0.008408077]
12591
['12591', '10244', '1093', '12028', '231']
[0.2566572, 0.22952496, 0.06227584, 0.012026515, 0.0099077895]
12591
['12591', '10244', '1093', '231', '12028']
[0.16659516, 0.1219253, 0.056790065, 0.027456945, 0.012874047]
12591
['12591', '10244', '1093', '231', '381']
[0.19503917, 0.0710235, 0.033998594, 0.027022757, 0.017450826]
12591
['12591', '10244', '1093', '231', '380']
[0.35059604, 0.055238906, 0.03498172, 0.028043723, 0.017126806]
12591
['12591', '10244', '231', '1093', '818']
[0.44374228, 0.053016327, 0.022755865, 0.01919347, 0.009637208]
12591
['12591', '2301', '10244', '1093', '231']
[0.07888099, 0.04259241, 0.037071403, 0.03589556, 0.03289398]
12591
['12591', '10244', '10260', '12590', '1093']
[0.056481432, 0.023344347, 0.021113146, 0.017288608, 0.013109172]
12591
['12591', '10244', '1093', '231', '10260']
[0.095860004, 0.09537487, 0.037997082, 0.036877926, 0.033777848]
10260
['10260', '2301', '231', '12591', '10244']
[0.046268225, 0.045434292, 0.036823165, 0.03654088, 0.021461453]
12591
['12591', '10244', '231', '2301', '1093']
[0.048758842, 0.04053215, 0.03319889, 0.027206574, 0.025104558]
10244
['10244', '12591', '1093', '231', '2301']
[0.10687033, 0.092139274, 0.04404802, 0.028422352, 0.016511811]
10244
['10244', '12591', '1093', '231', '10249']
[0.25805703, 0.053371437, 0.043971673, 0.029962521, 0.02194652]
10244
['10244', '1093', '12591', '10249', '2301']
[0.33661914, 0.059411276, 0.036578916, 0.027868481, 0.014591062]
12591
['12591', '10244', '1093', '10249', '10260']
[0.050059494, 0.042511597, 0.034760255, 0.029978221, 0.02816248]
10244
['10244', '10249', '1093', '12591', '2301']
[0.13528192, 0.09319647, 0.088329315, 0.05888036, 0.036884494]
10244
['10244', '1093', '12591', '12028', '380']
[0.30720872, 0.1203151, 0.070344985, 0.018883258, 0.007641033]
10244
['10244', '12591', '1093', '12028', '10249']
[0.24552594, 0.1140397, 0.056907263, 0.0125331115, 0.011393988]
10244
['10244', '12591', '1093', '12028', '226']
[0.20586151, 0.09057563, 0.064699806, 0.019297902, 0.012453316]
10244
['10244', '1093', '12591', '12028', '1000']
[0.25627255, 0.13703747, 0.046788983, 0.017214473, 0.009950576]
10244
['10244', '12591', '1093', '12028', '231']
[0.20310977, 0.12780802, 0.07714987, 0.01873809, 0.014955615]
12591
['12591', '231', '10244', '2301', '2366']
[0.12013536, 0.039004534, 0.036759004, 0.035672892, 0.034761462]
192
['192', '1093', '12591', '231', '2301']
[0.11179802, 0.07617879, 0.07442495, 0.03933023, 0.033311345]
12591
['12591', '1093', '231', '2301', '10260']
[0.07861569, 0.05806082, 0.050105345, 0.036767494, 0.018831227]
12591
['12591', '192', '231', '550', '1093']
[0.09185277, 0.07982018, 0.037232935, 0.026305608, 0.023318307]
12591
['12591', '1093', '231', '2301', '550']
[0.0798809, 0.041191842, 0.029176448, 0.025241766, 0.024184939]
192
['192', '12591', '1093', '550', '2366']
[0.08886564, 0.06223927, 0.038506713, 0.029142208, 0.025015257]
12591
['12591', '1093', '2366', '192', '2150']
[0.083931655, 0.03793968, 0.03487834, 0.0284189, 0.027532123]
12591
['12591', '231', '1093', '2366', '2301']
[0.11336296, 0.04980136, 0.03878791, 0.025451975, 0.023944618]
12591
['12591', '231', '550', '1093', '2150']
[0.039189104, 0.032020424, 0.028929576, 0.022255447, 0.022140343]
12591
['12591', '550', '1093', '2150', '10244']
[0.03365301, 0.032859117, 0.030780848, 0.030623443, 0.025861524]
12591
['12591', '1093', '231', '2301', '12558']
[0.023798719, 0.022064818, 0.020706376, 0.019309526, 0.016602226]
12558
['12558', '231', '10249', '1093', '30']
[0.04184668, 0.03143961, 0.022977127, 0.021518698, 0.019621832]
1093
['1093', '231', '12591', '10244', '12558']
[0.043442998, 0.041099213, 0.029056953, 0.022525068, 0.021546926]
12591
['12591', '1093', '231', '12558', '2301']
[0.045253772, 0.0412508, 0.040682413, 0.027660623, 0.026009751]
12591
['12591', '12558', '231', '2150', '10249']
[0.033090115, 0.024966376, 0.019878004, 0.019156085, 0.015889412]
1093
['1093', '12558', '231', '10249', '12028']
[0.040393937, 0.032744538, 0.026140517, 0.01971039, 0.019296922]
1093
['1093', '12028', '12558', '380', '2147']
[0.035714656, 0.02262539, 0.021456257, 0.02031597, 0.017569425]
1093
['1093', '12591', '10249', '231', '2366']
[0.060735863, 0.030726053, 0.023749389, 0.022165459, 0.022078635]
10244
['10244', '1093', '12591', '10249', '12558']
[0.10239181, 0.07157956, 0.051471703, 0.02023495, 0.020096287]
1093
['1093', '12591', '10244', '231', '2301']
[0.09342393, 0.080030225, 0.05963603, 0.020362008, 0.0170809]
30
['30', '12591', '231', '2150', '10244']
[0.119085185, 0.08767131, 0.043563254, 0.03958068, 0.032919966]
30
['30', '12591', '10249', '10244', '2150']
[0.13557898, 0.094289206, 0.049804103, 0.04745866, 0.03492828]
30
['30', '10244', '12591', '10249', '12590']
[0.22923252, 0.048987474, 0.045340214, 0.03833088, 0.03374431]
10244
['10244', '30', '12591', '231', '2150']
[0.05865285, 0.054381173, 0.053744882, 0.038670685, 0.030446507]
10244
['10244', '30', '12591', '10249', '2150']
[0.121521674, 0.11446012, 0.049757045, 0.04142311, 0.029353263]
10244
['10244', '12591', '30', '231', '1093']
[0.08340841, 0.054422483, 0.0416827, 0.030451281, 0.02899398]
30
['30', '12591', '10244', '1093', '231']
[0.06528278, 0.03852958, 0.035946146, 0.035532672, 0.03542015]
30
['30', '12591', '2150', '231', '12590']
[0.14522056, 0.070169635, 0.056401722, 0.035370752, 0.025536131]
12591
['12591', '30', '231', '12558', '2150']
[0.11519266, 0.113345675, 0.055552945, 0.03947541, 0.039173253]
12591
['12591', '10244', '30', '231', '1093']
[0.111454606, 0.1007724, 0.07856994, 0.044802014, 0.0379525]
12591
['12591', '12590', '550', '2150', '2148']
[0.061296124, 0.03210847, 0.031857174, 0.029542, 0.02953589]
12591
['12591', '12590', '2150', '10244', '10260']
[0.16586924, 0.05425868, 0.047022752, 0.025571898, 0.025116077]
12591
['12591', '10244', '2150', '12590', '550']
[0.14624543, 0.08558949, 0.02997108, 0.028906278, 0.026271995]
2150
['2150', '12591', '10244', '12590', '550']
[0.09687959, 0.08986116, 0.031422112, 0.029268542, 0.023819737]
12591
['12591', '2150', '10244', '12590', '10260']
[0.1283721, 0.054742128, 0.04134167, 0.036561534, 0.028726146]
12591
['12591', '10244', '2150', '10249', '10260']
[0.0911433, 0.08466308, 0.03293216, 0.029808482, 0.024402712]
12591
['12591', '10244', '10249', '12558', '10260']
[0.20076402, 0.10979523, 0.03688715, 0.035946395, 0.03465007]
12591
['12591', '2150', '10244', '10260', '2301']
[0.116961434, 0.06949602, 0.06263681, 0.04896396, 0.037970632]
12591
['12591', '10260', '2150', '12558', '12590']
[0.09554164, 0.045884185, 0.038962133, 0.03545552, 0.024849923]
12591
['12591', '10260', '12590', '10244', '2150']
[0.20547502, 0.056348175, 0.053336736, 0.037524667, 0.03416482]
10244
['10244', '1093', '12591', '2301', '10249']
[0.13681957, 0.1113146, 0.078123726, 0.03395599, 0.0186568]
10244
['10244', '1093', '10249', '2301', '12591']
[0.23368156, 0.06777907, 0.054861933, 0.028774142, 0.02534564]
10244
['10244', '1093', '12591', '10249', '2301']
[0.3203099, 0.07526944, 0.044017103, 0.032361902, 0.020526635]
10244
['10244', '1093', '12591', '10249', '2301']
[0.19333519, 0.050287124, 0.03916193, 0.03429463, 0.026205108]
10244
['10244', '1093', '12591', '2301', '10249']
[0.25416023, 0.063145146, 0.050210502, 0.03862431, 0.03196502]
10244
['10244', '1093', '10249', '12591', '2301']
[0.12426852, 0.04595495, 0.03704353, 0.031045359, 0.030310936]
10244
['10244', '10249', '2301', '12591', '1093']
[0.10382448, 0.06111136, 0.051781658, 0.031035611, 0.02808992]
10244
['10244', '12591', '2301', '10249', '1093']
[0.11835253, 0.056560244, 0.04998884, 0.046962522, 0.038300864]
2301
['2301', '1093', '10244', '10249', '12591']
[0.0897091, 0.061466325, 0.059425153, 0.043834202, 0.024399126]
10244
['10244', '12591', '2301', '10249', '1093']
[0.100211546, 0.057792723, 0.056983694, 0.050543133, 0.038426954]
12591
['12591', '12590', '10244', '10260', '231']
[0.15929244, 0.09699708, 0.06423238, 0.032902107, 0.023083942]
12591
['12591', '12590', '10244', '10260', '231']
[0.1904096, 0.10926392, 0.07768072, 0.02773685, 0.018858716]
12591
['12591', '12590', '10244', '10260', '550']
[0.16950904, 0.060295478, 0.04091064, 0.035471227, 0.02281173]
12591
['12591', '12590', '10244', '2150', '10260']
[0.10568737, 0.09499514, 0.07482188, 0.01782562, 0.017482912]
12591
['12591', '10244', '10260', '231', '12590']
[0.3887767, 0.05959908, 0.031138139, 0.02988422, 0.027347881]
12591
['12591', '10260', '12590', '10244', '231']
[0.27424675, 0.051955853, 0.051155623, 0.04134991, 0.030101739]
12590
['12590', '12591', '10244', '2150', '231']
[0.12601855, 0.07615942, 0.05826832, 0.020462532, 0.01975438]
12590
['12590', '10244', '12591', '1094', '10260']
[0.14268021, 0.06867431, 0.047799625, 0.024126882, 0.01987512]
12590
['12590', '12591', '10244', '2150', '10260']
[0.15370578, 0.13010772, 0.061115474, 0.021414742, 0.020262748]
192
['192', '12591', '4084', '6007', '1000']
[0.058105994, 0.043945048, 0.035129026, 0.020842671, 0.017315788]
12591
['12591', '1093', '10244', '192', '10249']
[0.08291884, 0.036543347, 0.028219324, 0.025175847, 0.0169787]
192
['192', '1093', '2148', '12591', '10244']
[0.034792695, 0.03341956, 0.026748043, 0.022360412, 0.017904684]
192
['192', '2148', '226', '12591', '1093']
[0.06590437, 0.021031423, 0.018248137, 0.017937593, 0.017498195]
12591
['12591', '1093', '192', '10244', '10249']
[0.045590714, 0.03279309, 0.02813316, 0.024809754, 0.021712478]
12591
['12591', '1093', '2301', '192', '4084']
[0.06758237, 0.041564856, 0.03577656, 0.026529098, 0.01578216]
12591
['12591', '10244', '1093', '192', '10249']
[0.0834243, 0.040346377, 0.024525724, 0.021748673, 0.016785879]
1093
['1093', '12591', '10249', '192', '10244']
[0.040167347, 0.034400918, 0.028312508, 0.02266675, 0.019087903]
1093
['1093', '192', '12591', '10249', '10244']
[0.11347898, 0.06967694, 0.06527524, 0.024632428, 0.024599876]
2389
['2389', '12591', '2150', '12590', '231']
[0.07985387, 0.034881797, 0.031405646, 0.023526156, 0.019846184]
2150
['2150', '12590', '2389', '2412', '12591']
[0.081936106, 0.036931463, 0.024237467, 0.023355208, 0.021272592]
2150
['2150', '2389', '12591', '2412', '231']
[0.06229991, 0.022561532, 0.020794878, 0.017798638, 0.017196467]
2150
['2150', '2389', '231', '2412', '2305']
[0.076405786, 0.070592195, 0.03122078, 0.02615208, 0.020446058]
2389
['2389', '2150', '12591', '231', '12590']
[0.11728829, 0.07017964, 0.054654494, 0.045558173, 0.039688412]
2305
['2305', '2389', '713', '231', '2150']
[0.049577277, 0.04939984, 0.02512715, 0.024220936, 0.023201684]
2150
['2150', '2389', '2305', '12591', '12590']
[0.0583569, 0.05172546, 0.028430238, 0.021640416, 0.018927868]
2389
['2389', '2150', '1094', '8394', '2305']
[0.059314836, 0.040644035, 0.033085972, 0.032872472, 0.027253147]
2389
['2389', '1094', '12590', '2305', '2150']
[0.18328196, 0.028918004, 0.024053968, 0.021105953, 0.020695733]
2389
['2389', '10246', '2150', '2305', '2412']
[0.2299704, 0.025737448, 0.02269142, 0.02062386, 0.02048059]
2389
['2389', '12590', '2305', '10260', '231']
[0.12051068, 0.04887709, 0.025496345, 0.01910952, 0.018230999]
2389
['2389', '12590', '10260', '231', '30']
[0.059963748, 0.04663348, 0.03343943, 0.0296828, 0.018028412]
12590
['12590', '2389', '231', '10244', '10260']
[0.044545047, 0.04450106, 0.019643765, 0.019348593, 0.018025655]
2389
['2389', '12590', '10244', '10260', '226']
[0.048302695, 0.032430466, 0.01932553, 0.017669423, 0.017420763]
2389
['2389', '12590', '10244', '226', '1094']
[0.054851476, 0.03150294, 0.018370183, 0.016054284, 0.015045747]
2389
['2389', '12591', '12590', '10244', '226']
[0.057383716, 0.038188968, 0.03490672, 0.020225557, 0.019746035]
2389
['2389', '12590', '12591', '226', '1094']
[0.06819554, 0.020953193, 0.02057625, 0.019129863, 0.017208215]
2389
['2389', '10244', '12590', '12591', '1093']
[0.09899123, 0.031170635, 0.026142415, 0.02208764, 0.019693388]
2389
['2389', '12590', '715', '12591', '10244']
[0.12948686, 0.06085459, 0.020091439, 0.019293284, 0.018514844]
2389
['2389', '12590', '1094', '226', '10244']
[0.05866991, 0.04299395, 0.02891687, 0.021552583, 0.017674286]
