predict: 818
top-5 real id
['818', '4084', '192', '2145', '626']
top-5 probability
[    0.46041     0.22149    0.070193    0.042601    0.027597]
predict: 699
top-5 real id
['699', '626', '818', '1093', '700']
top-5 probability
[     0.4854     0.38686    0.078523   0.0068734   0.0050471]
predict: 818
top-5 real id
['818', '699', '12591', '4084', '192']
top-5 probability
[    0.98781   0.0066249   0.0012744  0.00063078  0.00042495]
predict: 2399
top-5 real id
['2399', '4084', '930', '8394', '887']
top-5 probability
[     0.4123     0.10279    0.060745    0.035509    0.035046]
predict: 818
top-5 real id
['818', '699', '626', '700', '2301']
top-5 probability
[     0.6732     0.19194    0.029977    0.012523    0.009531]
predict: 192
top-5 real id
['192', '12591', '10060', '800', '2378']
top-5 probability
[    0.55854    0.040879    0.022466    0.021807    0.019345]
