predict: 100
top-5 real id
['100', '618', '4061', '12530', '325']
top-5 probability
[    0.28108    0.084196    0.047153    0.044248    0.040514]
predict: 100
top-5 real id
['100', '4061', '618', '325', '12530']
top-5 probability
[     0.3516    0.054609    0.052655    0.035863    0.035809]
predict: 100
top-5 real id
['100', '4061', '618', '12439', '12266']
top-5 probability
[    0.46335    0.048462     0.03922    0.036764    0.024978]
predict: 100
top-5 real id
['100', '4061', '618', '6501', '12530']
top-5 probability
[     0.3269    0.060873    0.044584    0.031791    0.029595]
predict: 100
top-5 real id
['100', '4061', '12439', '12222', '618']
top-5 probability
[    0.36132    0.076743    0.032163    0.031915    0.030986]
predict: 100
top-5 real id
['100', '4061', '618', '6501', '12266']
top-5 probability
[    0.37793    0.053432    0.042986    0.036017    0.032196]
predict: 100
top-5 real id
['100', '4061', '326', '6501', '325']
top-5 probability
[    0.29578    0.059918    0.047774    0.037054     0.03515]
predict: 100
top-5 real id
['100', '4061', '12266', '618', '6501']
top-5 probability
[    0.42012     0.06043    0.034596    0.033673    0.027121]
predict: 100
top-5 real id
['100', '4061', '618', '325', '12266']
top-5 probability
[    0.37819    0.088198    0.038344    0.036787    0.033347]
predict: 100
top-5 real id
['100', '4061', '12439', '618', '12530']
top-5 probability
[    0.31768    0.068516    0.039667    0.035781    0.035385]
predict: 227
top-5 real id
['227', '6326', '12542', '4061', '325']
top-5 probability
[    0.20373     0.10357    0.068938    0.056168    0.043569]
predict: 227
top-5 real id
['227', '6326', '12542', '4061', '325']
top-5 probability
[     0.1659     0.14739     0.08967    0.052606    0.032041]
predict: 227
top-5 real id
['227', '6326', '12542', '4061', '12439']
top-5 probability
[     0.1788     0.12264    0.063877    0.057464    0.050484]
predict: 227
top-5 real id
['227', '6326', '12542', '113', '4061']
top-5 probability
[    0.30962     0.13566    0.068985    0.046016    0.034186]
predict: 227
top-5 real id
['227', '6326', '12542', '113', '12439']
top-5 probability
[    0.31138     0.17553    0.055216    0.050354    0.030803]
predict: 227
top-5 real id
['227', '12542', '6326', '4061', '325']
top-5 probability
[    0.29931     0.10635    0.071199    0.046363    0.045083]
predict: 227
top-5 real id
['227', '6326', '12542', '4061', '12439']
top-5 probability
[    0.14139    0.091911    0.077424     0.05865    0.049288]
predict: 227
top-5 real id
['227', '6326', '12542', '4061', '12439']
top-5 probability
[    0.11404    0.084546     0.07881    0.074219    0.050153]
predict: 227
top-5 real id
['227', '12542', '6326', '12266', '325']
top-5 probability
[    0.22761     0.10386    0.059041    0.048498    0.048461]
predict: 227
top-5 real id
['227', '6326', '12542', '12439', '325']
top-5 probability
[    0.14758     0.12418    0.081925    0.055726    0.051305]
predict: 227
top-5 real id
['227', '12542', '12448', '12083', '4061']
top-5 probability
[    0.15895     0.14315    0.080264    0.052706    0.049474]
predict: 12542
top-5 real id
['12542', '227', '12501', '12439', '12083']
top-5 probability
[   0.089288    0.069641    0.057322    0.052513    0.049876]
predict: 12083
top-5 real id
['12083', '12542', '227', '326', '4061']
top-5 probability
[    0.11911     0.11563    0.084538     0.06434    0.062227]
predict: 12083
top-5 real id
['12083', '12542', '6501', '2321', '227']
top-5 probability
[    0.10563     0.10473    0.075875    0.064644    0.058938]
predict: 12542
top-5 real id
['12542', '12083', '326', '4061', '12109']
top-5 probability
[    0.14162     0.10745    0.075617    0.072291    0.063671]
predict: 12542
top-5 real id
['12542', '227', '12083', '2321', '6501']
top-5 probability
[    0.16428    0.079757    0.068312    0.057386    0.048794]
predict: 12542
top-5 real id
['12542', '227', '12083', '6501', '2321']
top-5 probability
[    0.24718    0.093011    0.071311    0.061038     0.03579]
predict: 227
top-5 real id
['227', '12542', '4061', '2321', '2529']
top-5 probability
[    0.14275     0.11509    0.055678    0.050145    0.043346]
predict: 12542
top-5 real id
['12542', '227', '12083', '4061', '326']
top-5 probability
[    0.12513     0.10475    0.069478    0.055748    0.041623]
predict: 12542
top-5 real id
['12542', '227', '12083', '2321', '2529']
top-5 probability
[    0.14872    0.081219    0.069245    0.065132    0.050754]
predict: 12109
top-5 real id
['12109', '4061', '12266', '12185', '227']
top-5 probability
[    0.31509     0.07484    0.041326    0.036858    0.035829]
predict: 12109
top-5 real id
['12109', '4061', '12266', '12542', '227']
top-5 probability
[    0.27234     0.10166    0.064052    0.039157     0.03551]
predict: 12109
top-5 real id
['12109', '4061', '12542', '6326', '12185']
top-5 probability
[    0.19936    0.091052    0.051524    0.045772    0.039879]
predict: 12109
top-5 real id
['12109', '4061', '12266', '12501', '325']
top-5 probability
[    0.24062    0.094975    0.056746    0.048689    0.041057]
predict: 12109
top-5 real id
['12109', '12266', '12501', '4061', '12185']
top-5 probability
[    0.45275    0.060182    0.058444    0.050108     0.03811]
predict: 12109
top-5 real id
['12109', '12266', '12501', '617', '12542']
top-5 probability
[    0.46112    0.043462     0.04104    0.038025    0.034655]
predict: 12109
top-5 real id
['12109', '12266', '12501', '4061', '12185']
top-5 probability
[    0.48203    0.046793    0.037535    0.031881    0.027776]
predict: 12109
top-5 real id
['12109', '12266', '12501', '227', '4061']
top-5 probability
[    0.20146    0.068924    0.054269    0.050101    0.046118]
predict: 12109
top-5 real id
['12109', '4061', '12185', '12266', '12501']
top-5 probability
[    0.55886    0.049562    0.035673    0.031084    0.030498]
predict: 12109
top-5 real id
['12109', '227', '4061', '12266', '12501']
top-5 probability
[    0.33473    0.043518    0.039453    0.037694     0.03311]
predict: 227
top-5 real id
['227', '12185', '4061', '12542', '85']
top-5 probability
[   0.090901    0.081387    0.076883    0.066453    0.050247]
predict: 12542
top-5 real id
['12542', '12109', '12185', '4061', '325']
top-5 probability
[    0.12883    0.077696    0.076638     0.06914    0.051505]
predict: 4061
top-5 real id
['4061', '12542', '12185', '325', '227']
top-5 probability
[    0.10242    0.087128    0.056925    0.050041    0.049784]
predict: 4061
top-5 real id
['4061', '12185', '325', '12542', '12439']
top-5 probability
[   0.080297    0.079826     0.06602    0.055731    0.044256]
predict: 227
top-5 real id
['227', '4061', '6081', '325', '12439']
top-5 probability
[    0.07859    0.055355    0.051111    0.048059    0.045221]
predict: 4061
top-5 real id
['4061', '325', '12109', '12542', '12185']
top-5 probability
[    0.23889    0.064766    0.059064    0.057832    0.054925]
predict: 4061
top-5 real id
['4061', '227', '12542', '12109', '12185']
top-5 probability
[    0.12372     0.11923     0.06395    0.061254    0.060074]
predict: 227
top-5 real id
['227', '4061', '12542', '12185', '12109']
top-5 probability
[    0.16395     0.11075    0.066827    0.065707    0.050209]
predict: 12185
top-5 real id
['12185', '4061', '12542', '12109', '227']
top-5 probability
[    0.11498     0.10336    0.081239    0.078945    0.059283]
predict: 4061
top-5 real id
['4061', '227', '12109', '325', '12542']
top-5 probability
[    0.14721    0.072414     0.06582    0.057714    0.050164]
predict: 4061
top-5 real id
['4061', '12109', '12185', '12542', '227']
top-5 probability
[    0.26659     0.16373    0.082827    0.063282    0.034113]
predict: 4061
top-5 real id
['4061', '325', '12109', '12542', '12448']
top-5 probability
[      0.107    0.048383    0.047956    0.046542    0.045272]
predict: 4061
top-5 real id
['4061', '325', '12542', '6326', '12109']
top-5 probability
[    0.16578    0.057358    0.054749    0.051202    0.046795]
predict: 4061
top-5 real id
['4061', '12109', '12542', '227', '325']
top-5 probability
[     0.1241    0.078043    0.069932    0.063487    0.054291]
predict: 4061
top-5 real id
['4061', '12109', '12185', '227', '12542']
top-5 probability
[    0.27116     0.14803    0.084686    0.062607    0.048678]
predict: 12109
top-5 real id
['12109', '12185', '4061', '12542', '227']
top-5 probability
[    0.12705     0.10923     0.10312    0.070842    0.041638]
predict: 12185
top-5 real id
['12185', '4061', '12542', '227', '12109']
top-5 probability
[    0.13121    0.086486    0.086008    0.084341     0.06831]
predict: 12185
top-5 real id
['12185', '12109', '12542', '4061', '227']
top-5 probability
[    0.13815     0.13383     0.11602     0.04979    0.046757]
predict: 12109
top-5 real id
['12109', '4061', '12185', '12542', '227']
top-5 probability
[    0.17202    0.094547    0.082586    0.076631    0.064022]
predict: 12185
top-5 real id
['12185', '12542', '227', '4061', '12109']
top-5 probability
[    0.14386     0.10985     0.08774    0.074487    0.069617]
predict: 227
top-5 real id
['227', '12542', '12222', '12109', '4061']
top-5 probability
[   0.076859    0.067469      0.0665     0.06036    0.051108]
predict: 12542
top-5 real id
['12542', '227', '12501', '12109', '4061']
top-5 probability
[    0.11598      0.1071     0.07649    0.050453    0.041061]
predict: 12542
top-5 real id
['12542', '227', '4061', '6326', '12448']
top-5 probability
[    0.11824     0.08003    0.078979    0.044465    0.042435]
predict: 227
top-5 real id
['227', '12109', '12222', '12542', '12501']
top-5 probability
[   0.090289    0.060776     0.05977    0.054488    0.048491]
predict: 227
top-5 real id
['227', '4061', '12542', '6326', '325']
top-5 probability
[    0.11212    0.083045    0.068882    0.049454    0.045318]
predict: 4061
top-5 real id
['4061', '227', '12109', '12501', '12222']
top-5 probability
[   0.091491    0.074646    0.073301     0.06081    0.055259]
predict: 227
top-5 real id
['227', '12542', '4061', '12439', '12501']
top-5 probability
[    0.11112    0.075758    0.075348    0.053676    0.045765]
predict: 12542
top-5 real id
['12542', '4061', '227', '6326', '12109']
top-5 probability
[    0.28671     0.13904     0.11803    0.051793    0.041975]
predict: 4061
top-5 real id
['4061', '227', '12542', '12501', '12109']
top-5 probability
[    0.12441    0.089679    0.058761    0.058427    0.054899]
predict: 12542
top-5 real id
['12542', '227', '4061', '6326', '12109']
top-5 probability
[   0.087531    0.082096    0.077183    0.052446    0.037839]
predict: 12266
top-5 real id
['12266', '2529', '12542', '100', '4061']
top-5 probability
[    0.26401     0.11605    0.055353    0.049289    0.046921]
predict: 12266
top-5 real id
['12266', '100', '618', '4061', '2529']
top-5 probability
[    0.18268    0.078637    0.057186    0.050482    0.046327]
predict: 12266
top-5 real id
['12266', '12109', '12542', '2529', '618']
top-5 probability
[    0.18006    0.069484    0.067184     0.06242    0.052118]
predict: 12266
top-5 real id
['12266', '100', '2529', '618', '12109']
top-5 probability
[    0.17709     0.07269    0.057699    0.053987    0.047577]
predict: 12266
top-5 real id
['12266', '12109', '100', '618', '2529']
top-5 probability
[    0.22655    0.059022    0.058585     0.05502    0.052566]
predict: 12266
top-5 real id
['12266', '12109', '618', '12542', '4061']
top-5 probability
[     0.1039    0.093071    0.084585    0.062364    0.046002]
predict: 12266
top-5 real id
['12266', '12109', '2529', '618', '12542']
top-5 probability
[    0.26652    0.078814    0.075012    0.053926     0.05275]
predict: 12266
top-5 real id
['12266', '100', '12109', '12542', '618']
top-5 probability
[    0.15789    0.087377    0.061084    0.060852    0.060162]
predict: 12266
top-5 real id
['12266', '12109', '2529', '618', '12542']
top-5 probability
[    0.18492     0.10359    0.068179    0.058895    0.053556]
predict: 12266
top-5 real id
['12266', '100', '618', '2529', '12542']
top-5 probability
[    0.19594    0.086074    0.082046    0.058705    0.050943]
predict: 4061
top-5 real id
['4061', '12370', '12542', '12083', '227']
top-5 probability
[     0.1267     0.11648    0.075107    0.074781    0.052734]
predict: 12370
top-5 real id
['12370', '12542', '12083', '4061', '12439']
top-5 probability
[     0.1864     0.11215    0.085851    0.059148    0.042808]
predict: 12370
top-5 real id
['12370', '4061', '12083', '12542', '227']
top-5 probability
[    0.16033     0.11827     0.07433    0.061693    0.051683]
predict: 4061
top-5 real id
['4061', '12083', '227', '12448', '12185']
top-5 probability
[   0.095298    0.061234    0.058091    0.049376    0.045162]
predict: 12370
top-5 real id
['12370', '4061', '227', '12542', '12185']
top-5 probability
[    0.16414      0.1113    0.071322    0.065507    0.056575]
predict: 12370
top-5 real id
['12370', '12542', '4061', '227', '6326']
top-5 probability
[    0.15511     0.11534    0.085265    0.043693    0.041279]
predict: 12370
top-5 real id
['12370', '4061', '12542', '227', '12083']
top-5 probability
[    0.13036    0.092516    0.069142    0.065196    0.048186]
predict: 12370
top-5 real id
['12370', '4061', '12542', '227', '12083']
top-5 probability
[    0.12886     0.09978    0.076095    0.046727    0.044822]
predict: 12370
top-5 real id
['12370', '227', '4061', '12083', '12448']
top-5 probability
[    0.11576    0.085096    0.078013    0.062225    0.051324]
predict: 12370
top-5 real id
['12370', '12185', '12542', '4061', '227']
top-5 probability
[    0.37888    0.069672    0.060102    0.051419    0.049148]
predict: 12439
top-5 real id
['12439', '4061', '6326', '100', '12448']
top-5 probability
[   0.075482    0.074348    0.054219    0.047123    0.044718]
predict: 4061
top-5 real id
['4061', '12439', '227', '12448', '325']
top-5 probability
[   0.097842    0.074115    0.072138     0.06271    0.051775]
predict: 12439
top-5 real id
['12439', '4061', '325', '12448', '8389']
top-5 probability
[    0.10523    0.075905    0.042466     0.04233    0.042245]
predict: 12439
top-5 real id
['12439', '6326', '4061', '325', '12448']
top-5 probability
[    0.13258    0.093033    0.088853    0.038543    0.036911]
predict: 12439
top-5 real id
['12439', '6326', '12222', '12501', '4061']
top-5 probability
[    0.33718    0.075111    0.043247    0.042825    0.040138]
predict: 12439
top-5 real id
['12439', '4061', '8389', '12542', '12448']
top-5 probability
[   0.076868    0.068717    0.050005    0.043926    0.042876]
predict: 4061
top-5 real id
['4061', '12439', '8389', '227', '325']
top-5 probability
[    0.11336    0.070936     0.05704    0.055825    0.055279]
predict: 12439
top-5 real id
['12439', '4061', '8389', '227', '6326']
top-5 probability
[    0.10224    0.060765    0.055444    0.054073    0.044032]
predict: 4061
top-5 real id
['4061', '12439', '227', '12222', '6326']
top-5 probability
[   0.091037    0.065594    0.064174    0.046486    0.042708]
predict: 12439
top-5 real id
['12439', '4061', '8389', '6326', '12448']
top-5 probability
[    0.11344    0.085885    0.069055    0.056464    0.048035]
predict: 12109
top-5 real id
['12109', '227', '12542', '4061', '12501']
top-5 probability
[    0.10624    0.072132    0.056662    0.047198    0.043009]
predict: 12109
top-5 real id
['12109', '227', '12542', '4061', '12501']
top-5 probability
[    0.11761    0.072982    0.067278    0.061566    0.041902]
predict: 12109
top-5 real id
['12109', '12439', '4061', '325', '227']
top-5 probability
[    0.10452    0.060127    0.048208    0.047113    0.042883]
predict: 227
top-5 real id
['227', '4061', '12448', '12109', '12439']
top-5 probability
[   0.082375    0.067816    0.057615    0.054933    0.052297]
predict: 12109
top-5 real id
['12109', '4061', '12542', '12448', '12439']
top-5 probability
[   0.083277    0.062493    0.058509    0.050675    0.050287]
predict: 12109
top-5 real id
['12109', '227', '4061', '12448', '12542']
top-5 probability
[    0.14713    0.064049    0.053401    0.047182    0.043382]
predict: 12109
top-5 real id
['12109', '12448', '227', '4061', '12501']
top-5 probability
[   0.090847     0.08296    0.081093    0.064547    0.056935]
predict: 4061
top-5 real id
['4061', '227', '12448', '12109', '6326']
top-5 probability
[   0.094961    0.091383    0.075627    0.069526    0.050599]
predict: 12109
top-5 real id
['12109', '4061', '227', '12501', '12542']
top-5 probability
[    0.19291      0.0733    0.063732    0.061935    0.050073]
predict: 227
top-5 real id
['227', '12542', '12448', '12109', '12222']
top-5 probability
[    0.10063    0.093307     0.08634    0.068339    0.059671]
predict: 12501
top-5 real id
['12501', '12109', '4061', '227', '617']
top-5 probability
[    0.16529    0.079703    0.061712    0.060162    0.051835]
predict: 4061
top-5 real id
['4061', '12109', '12501', '12266', '12439']
top-5 probability
[    0.13356     0.12745    0.068321    0.055585    0.051497]
predict: 4061
top-5 real id
['4061', '12109', '227', '12501', '12266']
top-5 probability
[    0.16829    0.079752        0.07    0.047072    0.043162]
predict: 12109
top-5 real id
['12109', '12501', '4061', '227', '12266']
top-5 probability
[    0.20902     0.12833    0.060778     0.05007     0.04935]
predict: 12501
top-5 real id
['12501', '12439', '4061', '227', '12109']
top-5 probability
[    0.16216    0.082556    0.081664    0.061533    0.057427]
predict: 12109
top-5 real id
['12109', '12501', '4061', '227', '12266']
top-5 probability
[    0.22156    0.075329    0.067827     0.06111    0.052985]
predict: 12109
top-5 real id
['12109', '4061', '227', '12542', '12501']
top-5 probability
[    0.10172    0.081637    0.074147    0.049877    0.042111]
predict: 227
top-5 real id
['227', '12501', '12109', '4061', '12266']
top-5 probability
[    0.10842    0.086131    0.065914    0.052802    0.043886]
predict: 4061
top-5 real id
['4061', '227', '12109', '12542', '325']
top-5 probability
[   0.089626    0.088484    0.054216     0.05281    0.051739]
predict: 4061
top-5 real id
['4061', '12109', '12501', '12448', '227']
top-5 probability
[    0.11289     0.10117    0.053474    0.048523    0.047744]
predict: 325
top-5 real id
['325', '4061', '12439', '6081', '227']
top-5 probability
[   0.091039    0.075462    0.067392     0.05094    0.044863]
predict: 325
top-5 real id
['325', '12439', '6081', '4061', '12530']
top-5 probability
[   0.086911     0.08365    0.057129    0.052527    0.050685]
predict: 4061
top-5 real id
['4061', '325', '12439', '12109', '6081']
top-5 probability
[     0.1181     0.10001    0.088022    0.048187    0.046107]
predict: 4061
top-5 real id
['4061', '325', '12439', '12109', '6081']
top-5 probability
[   0.089668    0.088546     0.06201    0.057474    0.048449]
predict: 4061
top-5 real id
['4061', '227', '325', '12439', '6081']
top-5 probability
[   0.089187    0.061077    0.050676    0.050108    0.045834]
predict: 4061
top-5 real id
['4061', '325', '6081', '12439', '227']
top-5 probability
[   0.089504    0.072752    0.054409    0.049002     0.04716]
predict: 325
top-5 real id
['325', '4061', '2321', '6081', '12439']
top-5 probability
[   0.097818    0.073425    0.052294    0.049526    0.046335]
predict: 4061
top-5 real id
['4061', '227', '12439', '325', '8389']
top-5 probability
[   0.089212    0.068277    0.063847    0.054629    0.047056]
predict: 4061
top-5 real id
['4061', '325', '227', '12448', '12439']
top-5 probability
[    0.12645    0.078414    0.059749    0.047566    0.040651]
predict: 4061
top-5 real id
['4061', '325', '6081', '227', '12501']
top-5 probability
[   0.097288    0.075236    0.055975    0.054241     0.04729]
predict: 12542
top-5 real id
['12542', '227', '12109', '4061', '325']
top-5 probability
[    0.35786    0.066666     0.05211    0.048606    0.035605]
predict: 12542
top-5 real id
['12542', '325', '227', '4061', '12266']
top-5 probability
[     0.2482    0.075963    0.064221    0.054706    0.041108]
predict: 12542
top-5 real id
['12542', '227', '325', '4061', '12266']
top-5 probability
[    0.19126    0.086423    0.065314    0.056043    0.042855]
predict: 12542
top-5 real id
['12542', '227', '325', '12109', '2529']
top-5 probability
[    0.45293    0.048596    0.041867    0.034845    0.031916]
predict: 12542
top-5 real id
['12542', '227', '2529', '325', '4061']
top-5 probability
[    0.34256    0.048306    0.045101      0.0348    0.032082]
predict: 12542
top-5 real id
['12542', '12266', '227', '325', '4061']
top-5 probability
[      0.172     0.11668    0.061611     0.05279     0.04941]
predict: 12542
top-5 real id
['12542', '12266', '618', '100', '227']
top-5 probability
[    0.18637    0.076163    0.070393    0.059653    0.054093]
predict: 12542
top-5 real id
['12542', '227', '2529', '4061', '100']
top-5 probability
[    0.47133     0.06259     0.03716    0.032212     0.02734]
predict: 12542
top-5 real id
['12542', '227', '4061', '2529', '100']
top-5 probability
[    0.28762    0.066009    0.063719    0.052807    0.043596]
predict: 12542
top-5 real id
['12542', '227', '2529', '100', '618']
top-5 probability
[    0.36773    0.071522    0.052575    0.048368    0.031768]
predict: 12561
top-5 real id
['12561', '12109', '227', '12542', '2529']
top-5 probability
[    0.16326     0.10812    0.085614    0.070101     0.04824]
predict: 12561
top-5 real id
['12561', '227', '12109', '12542', '2529']
top-5 probability
[    0.11656     0.10516    0.082046    0.079951     0.04436]
predict: 12109
top-5 real id
['12109', '227', '12561', '2321', '12439']
top-5 probability
[    0.10729    0.084509    0.073397    0.056117    0.048963]
predict: 227
top-5 real id
['227', '12561', '12109', '12542', '12266']
top-5 probability
[   0.098202    0.094872    0.093341    0.074663    0.049669]
predict: 12109
top-5 real id
['12109', '227', '12542', '12561', '12501']
top-5 probability
[    0.16544     0.11666    0.087464    0.080453    0.045179]
predict: 227
top-5 real id
['227', '12542', '12561', '12109', '12266']
top-5 probability
[    0.14645     0.10721    0.092012     0.07227     0.06206]
predict: 12561
top-5 real id
['12561', '227', '12109', '12266', '12542']
top-5 probability
[    0.15473     0.12972    0.083758    0.051989    0.051938]
predict: 227
top-5 real id
['227', '12561', '12109', '12542', '2321']
top-5 probability
[    0.12573      0.1062    0.080832    0.052001    0.049099]
predict: 227
top-5 real id
['227', '12561', '12109', '4061', '12542']
top-5 probability
[    0.11613     0.07848    0.048712    0.043527    0.042414]
predict: 227
top-5 real id
['227', '12561', '2321', '12542', '12109']
top-5 probability
[    0.10208    0.090811    0.081763     0.04961    0.047309]
predict: 227
top-5 real id
['227', '12542', '2529', '2321', '4061']
top-5 probability
[    0.13514     0.12678    0.049784    0.049334    0.041401]
predict: 227
top-5 real id
['227', '12542', '6326', '2321', '12448']
top-5 probability
[    0.12357    0.080005    0.061194    0.059878     0.04783]
predict: 2321
top-5 real id
['2321', '227', '12448', '6326', '53']
top-5 probability
[    0.15047     0.12548    0.078762    0.066158    0.039613]
predict: 227
top-5 real id
['227', '12542', '6501', '2529', '2321']
top-5 probability
[   0.094109    0.082277    0.072028    0.054556    0.053507]
predict: 6501
top-5 real id
['6501', '12542', '227', '2321', '2529']
top-5 probability
[    0.18097    0.071841    0.069187    0.066864    0.050079]
predict: 227
top-5 real id
['227', '12542', '2529', '12561', '12083']
top-5 probability
[    0.24185     0.21815    0.062339    0.044642    0.038545]
predict: 227
top-5 real id
['227', '2321', '12542', '2529', '12561']
top-5 probability
[    0.21001    0.090032    0.089886    0.077409    0.050356]
predict: 2321
top-5 real id
['2321', '12542', '227', '2529', '12561']
top-5 probability
[    0.12112     0.11756    0.089478    0.079438    0.038233]
predict: 227
top-5 real id
['227', '12542', '2529', '12083', '2321']
top-5 probability
[    0.12321    0.095655    0.052797    0.049827    0.045474]
predict: 227
top-5 real id
['227', '12542', '2321', '2529', '4061']
top-5 probability
[    0.13636      0.1212    0.053408      0.0454    0.043932]
predict: 227
top-5 real id
['227', '12542', '4061', '12109', '4115']
top-5 probability
[    0.19966     0.16701     0.10558    0.030564    0.028637]
predict: 227
top-5 real id
['227', '12542', '4061', '12109', '113']
top-5 probability
[    0.50328     0.14054    0.023537    0.021789    0.019741]
predict: 227
top-5 real id
['227', '12542', '4061', '12109', '325']
top-5 probability
[    0.32335     0.17652    0.053506    0.045489    0.029709]
predict: 227
top-5 real id
['227', '12542', '4061', '113', '12448']
top-5 probability
[    0.26917     0.23592    0.042355    0.033236     0.03059]
predict: 227
top-5 real id
['227', '12542', '4061', '325', '12109']
top-5 probability
[    0.32366     0.19627    0.065112    0.028613    0.028125]
predict: 12542
top-5 real id
['12542', '227', '4061', '12109', '325']
top-5 probability
[    0.21526     0.19559    0.051103    0.036097    0.035257]
predict: 227
top-5 real id
['227', '12542', '4061', '12109', '325']
top-5 probability
[    0.18252     0.11331    0.099053    0.081363    0.043669]
predict: 12542
top-5 real id
['12542', '227', '4061', '325', '12109']
top-5 probability
[    0.23706     0.17081    0.044609     0.04211    0.026286]
predict: 227
top-5 real id
['227', '12542', '325', '4061', '12185']
top-5 probability
[    0.25583    0.094941    0.047656    0.043163     0.02921]
predict: 227
top-5 real id
['227', '12542', '4061', '12109', '12561']
top-5 probability
[    0.29125     0.27881    0.035336    0.034856    0.023966]
predict: 4061
top-5 real id
['4061', '12109', '325', '227', '12185']
top-5 probability
[    0.22522    0.090083    0.064633    0.060185    0.036217]
predict: 4061
top-5 real id
['4061', '12109', '2311', '12185', '227']
top-5 probability
[    0.24356    0.087322    0.074556     0.07406    0.050354]
predict: 4061
top-5 real id
['4061', '12109', '2311', '227', '325']
top-5 probability
[    0.19039     0.07012    0.061933    0.059538     0.04892]
predict: 4061
top-5 real id
['4061', '2311', '12109', '12542', '4115']
top-5 probability
[    0.15405     0.07658    0.074413    0.071692    0.060613]
predict: 4061
top-5 real id
['4061', '12542', '4115', '2311', '12109']
top-5 probability
[   0.096477    0.089779    0.067766     0.06387     0.06278]
predict: 4061
top-5 real id
['4061', '12109', '325', '4115', '12185']
top-5 probability
[    0.58498    0.035038    0.031428    0.028603    0.027614]
predict: 4061
top-5 real id
['4061', '227', '12109', '325', '4115']
top-5 probability
[    0.32106    0.070455    0.056427    0.053402    0.033162]
predict: 4061
top-5 real id
['4061', '2311', '12109', '227', '4115']
top-5 probability
[    0.52317    0.047201    0.042404    0.037819    0.027166]
predict: 4061
top-5 real id
['4061', '325', '227', '12542', '4115']
top-5 probability
[     0.3162    0.042466     0.03976    0.038548     0.03854]
predict: 4061
top-5 real id
['4061', '12109', '12185', '325', '12542']
top-5 probability
[    0.60941    0.061661    0.038615    0.038236    0.028996]
predict: 2529
top-5 real id
['2529', '227', '2321', '12542', '6501']
top-5 probability
[   0.099235    0.093842    0.083693    0.064823    0.058013]
predict: 2321
top-5 real id
['2321', '12542', '227', '2529', '12561']
top-5 probability
[    0.15112    0.086421    0.079162    0.075317    0.054861]
predict: 227
top-5 real id
['227', '2321', '12542', '2529', '12561']
top-5 probability
[     0.1482     0.12074    0.091511    0.074456    0.053474]
predict: 2321
top-5 real id
['2321', '227', '12542', '2529', '12561']
top-5 probability
[    0.10487    0.087419    0.077538    0.066352    0.046284]
predict: 2321
top-5 real id
['2321', '227', '6501', '2529', '12561']
top-5 probability
[      0.135    0.069408    0.069077    0.066861    0.061991]
predict: 2529
top-5 real id
['2529', '2321', '227', '12542', '325']
top-5 probability
[    0.13964     0.12981      0.0813    0.063411    0.051956]
predict: 227
top-5 real id
['227', '2321', '2529', '12542', '12561']
top-5 probability
[    0.13056     0.11743    0.097029    0.074696    0.065979]
predict: 2321
top-5 real id
['2321', '2529', '12542', '227', '12561']
top-5 probability
[    0.14325     0.10259    0.099785    0.094485    0.052577]
predict: 227
top-5 real id
['227', '2321', '12542', '12561', '12448']
top-5 probability
[    0.17356     0.12329    0.070699    0.052502    0.043631]
predict: 2321
top-5 real id
['2321', '227', '4061', '12542', '325']
top-5 probability
[    0.12768     0.11894    0.056554     0.05184    0.050456]
predict: 227
top-5 real id
['227', '4061', '325', '6326', '12448']
top-5 probability
[    0.11688    0.081788    0.050686    0.047904     0.04764]
predict: 227
top-5 real id
['227', '4061', '325', '12542', '2321']
top-5 probability
[   0.089641     0.07413    0.066892    0.051686    0.051104]
predict: 227
top-5 real id
['227', '12542', '4061', '325', '6326']
top-5 probability
[    0.12644    0.073339    0.066033    0.052282    0.048016]
predict: 227
top-5 real id
['227', '4061', '6326', '12448', '2321']
top-5 probability
[    0.14636    0.057684    0.056078    0.056062    0.054304]
predict: 227
top-5 real id
['227', '12448', '113', '2326', '4061']
top-5 probability
[    0.21507    0.052716     0.04371    0.043035    0.042257]
predict: 227
top-5 real id
['227', '4061', '2321', '12448', '6326']
top-5 probability
[    0.10271    0.077922    0.054765    0.053927    0.048242]
predict: 4061
top-5 real id
['4061', '227', '325', '12542', '6326']
top-5 probability
[   0.085058    0.084013    0.064843    0.056032    0.050457]
predict: 2529
top-5 real id
['2529', '12542', '227', '12266', '618']
top-5 probability
[    0.26655     0.18447     0.13779    0.050955    0.041555]
predict: 2529
top-5 real id
['2529', '12542', '100', '227', '618']
top-5 probability
[    0.19865     0.13401    0.063997    0.060541    0.047112]
predict: 2529
top-5 real id
['2529', '12542', '227', '618', '100']
top-5 probability
[    0.25832       0.125     0.08062    0.046351    0.044161]
predict: 2529
top-5 real id
['2529', '12542', '227', '618', '100']
top-5 probability
[    0.27275      0.1134    0.066011    0.043624    0.041608]
predict: 2529
top-5 real id
['2529', '12542', '227', '618', '100']
top-5 probability
[    0.25639     0.11301    0.099682    0.061764    0.043483]
predict: 12542
top-5 real id
['12542', '2529', '227', '618', '100']
top-5 probability
[    0.20951     0.18004    0.092142     0.06549    0.036025]
predict: 12542
top-5 real id
['12542', '2529', '227', '100', '618']
top-5 probability
[    0.21715     0.17548    0.065715    0.047823     0.04532]
predict: 2529
top-5 real id
['2529', '12542', '618', '100', '227']
top-5 probability
[    0.19631      0.1477    0.078289    0.071379    0.062056]
predict: 12542
top-5 real id
['12542', '2529', '227', '618', '4061']
top-5 probability
[    0.24365     0.17082     0.12764    0.034932    0.032425]
predict: 2529
top-5 real id
['2529', '12542', '227', '618', '2321']
top-5 probability
[    0.21447     0.12557     0.11992    0.040417     0.03743]
predict: 4061
top-5 real id
['4061', '4115', '227', '12542', '100']
top-5 probability
[    0.10622     0.10559    0.076554    0.059002    0.053555]
predict: 4061
top-5 real id
['4061', '12542', '4115', '100', '227']
top-5 probability
[    0.16734    0.060799     0.05499    0.052792    0.048999]
predict: 4061
top-5 real id
['4061', '4115', '325', '326', '12542']
top-5 probability
[    0.13941    0.062609    0.045874    0.044549    0.043065]
predict: 4061
top-5 real id
['4061', '12109', '325', '4115', '12185']
top-5 probability
[    0.17497    0.069784    0.068644    0.063472    0.047178]
predict: 4061
top-5 real id
['4061', '325', '2311', '12185', '12109']
top-5 probability
[     0.1542    0.084954    0.074473    0.055705     0.04924]
predict: 4061
top-5 real id
['4061', '227', '4115', '325', '12542']
top-5 probability
[    0.47329     0.04265    0.035847    0.035326    0.033127]
predict: 4061
top-5 real id
['4061', '227', '325', '6501', '12542']
top-5 probability
[    0.32452    0.058158    0.044566    0.033949    0.033836]
predict: 4061
top-5 real id
['4061', '325', '227', '12542', '4115']
top-5 probability
[    0.39679    0.092226    0.058666    0.043228    0.033931]
predict: 4061
top-5 real id
['4061', '325', '12542', '227', '4115']
top-5 probability
[    0.46898    0.089396    0.032324      0.0303    0.027124]
predict: 4061
top-5 real id
['4061', '325', '12542', '227', '6326']
top-5 probability
[    0.46153    0.086716    0.032512    0.032442    0.027288]
predict: 12542
top-5 real id
['12542', '4061', '6501', '227', '326']
top-5 probability
[    0.10325    0.083207    0.061361    0.058752    0.050827]
predict: 2321
top-5 real id
['2321', '6501', '326', '12542', '12448']
top-5 probability
[    0.08624    0.080254    0.066454     0.05401    0.044033]
predict: 6501
top-5 real id
['6501', '326', '12542', '227', '2321']
top-5 probability
[    0.19704     0.10706    0.064968    0.064409    0.052087]
predict: 6501
top-5 real id
['6501', '326', '2321', '6326', '12542']
top-5 probability
[    0.16337     0.11469    0.069583    0.061254    0.055689]
predict: 6501
top-5 real id
['6501', '326', '12542', '227', '2321']
top-5 probability
[    0.13256    0.080083    0.075134    0.054775     0.04492]
predict: 326
top-5 real id
['326', '6326', '12439', '2321', '325']
top-5 probability
[    0.12885    0.092902    0.057027    0.054912    0.049446]
predict: 326
top-5 real id
['326', '6326', '12542', '4061', '12439']
top-5 probability
[    0.17929    0.071497    0.057204    0.054051    0.045011]
predict: 326
top-5 real id
['326', '12542', '2321', '6326', '4061']
top-5 probability
[    0.19185    0.077276    0.055673    0.050572      0.0462]
predict: 326
top-5 real id
['326', '12542', '6326', '4061', '12083']
top-5 probability
[    0.16032    0.073852    0.044585    0.043048    0.040521]
predict: 326
top-5 real id
['326', '2321', '6326', '12542', '100']
top-5 probability
[    0.18835     0.09588    0.073706    0.045764    0.044651]
predict: 227
top-5 real id
['227', '4061', '12542', '325', '12109']
top-5 probability
[    0.24761    0.099663    0.076648     0.06525    0.034144]
predict: 227
top-5 real id
['227', '12542', '4061', '325', '328']
top-5 probability
[    0.23969    0.091715    0.062523    0.051854    0.046316]
predict: 227
top-5 real id
['227', '12542', '4061', '325', '113']
top-5 probability
[    0.37817    0.066279    0.045333    0.036895    0.036856]
predict: 227
top-5 real id
['227', '12542', '113', '4061', '325']
top-5 probability
[    0.44251    0.068864    0.032732     0.02967    0.029249]
predict: 227
top-5 real id
['227', '12542', '328', '4061', '325']
top-5 probability
[    0.32783    0.065299    0.053212    0.047381    0.043687]
predict: 227
top-5 real id
['227', '12542', '325', '4061', '2529']
top-5 probability
[    0.29095    0.074471    0.051433    0.043519    0.036374]
predict: 227
top-5 real id
['227', '12542', '6326', '4061', '12439']
top-5 probability
[    0.27882    0.072036     0.04706    0.046245    0.036284]
predict: 12542
top-5 real id
['12542', '227', '4061', '2529', '325']
top-5 probability
[    0.30614     0.16348    0.040347    0.037173    0.031616]
predict: 12542
top-5 real id
['12542', '227', '12109', '4061', '6326']
top-5 probability
[    0.16807     0.13331    0.042609    0.042232    0.033743]
predict: 12542
top-5 real id
['12542', '227', '4061', '12109', '325']
top-5 probability
[    0.21713     0.14354    0.057311    0.047194    0.036947]
predict: 4061
top-5 real id
['4061', '12109', '325', '227', '12185']
top-5 probability
[    0.66438    0.039516    0.030323    0.022051    0.020927]
predict: 4061
top-5 real id
['4061', '12109', '12185', '325', '12542']
top-5 probability
[     0.6585    0.036409    0.032056    0.030039    0.021002]
predict: 4061
top-5 real id
['4061', '12109', '12222', '12448', '12185']
top-5 probability
[    0.43641    0.066899    0.039448    0.033895    0.030247]
predict: 4061
top-5 real id
['4061', '100', '326', '12542', '325']
top-5 probability
[    0.31637    0.078798    0.069053    0.044673    0.042161]
predict: 4061
top-5 real id
['4061', '12109', '12185', '12222', '12542']
top-5 probability
[    0.64852    0.055062    0.026619    0.026452    0.022396]
predict: 4061
top-5 real id
['4061', '326', '100', '12222', '12185']
top-5 probability
[    0.75684    0.022878    0.020439    0.018183    0.016847]
predict: 4061
top-5 real id
['4061', '100', '326', '12109', '4115']
top-5 probability
[    0.52635    0.046004    0.040886    0.034684    0.027378]
predict: 4061
top-5 real id
['4061', '100', '326', '325', '12109']
top-5 probability
[    0.62635    0.035152    0.032089    0.024519    0.023917]
predict: 4061
top-5 real id
['4061', '12109', '12185', '12542', '12222']
top-5 probability
[    0.63281     0.10052    0.034531    0.026774    0.022358]
predict: 4061
top-5 real id
['4061', '12109', '12185', '325', '12222']
top-5 probability
[    0.62368    0.095239    0.040954    0.034688    0.017668]
predict: 4061
top-5 real id
['4061', '12109', '12185', '12542', '227']
top-5 probability
[    0.59807    0.031268    0.029418    0.028576    0.025801]
predict: 4061
top-5 real id
['4061', '100', '12109', '4115', '326']
top-5 probability
[    0.65064    0.038346    0.032575    0.029307    0.027137]
predict: 4061
top-5 real id
['4061', '326', '100', '12542', '4115']
top-5 probability
[    0.38362    0.064881    0.056301    0.043968    0.035873]
predict: 4061
top-5 real id
['4061', '12542', '12109', '4115', '227']
top-5 probability
[    0.45053    0.068642    0.042685    0.038795    0.036991]
predict: 4061
top-5 real id
['4061', '12109', '325', '12185', '227']
top-5 probability
[    0.49687    0.084415    0.051789    0.043511    0.035195]
predict: 4115
top-5 real id
['4115', '4061', '12109', '12185', '12542']
top-5 probability
[    0.13633     0.12866    0.089271    0.054287    0.053313]
predict: 4061
top-5 real id
['4061', '12109', '227', '12185', '4115']
top-5 probability
[    0.21554     0.10286    0.063725    0.049998    0.042686]
predict: 4061
top-5 real id
['4061', '227', '12109', '12185', '325']
top-5 probability
[    0.21395     0.10692    0.089799    0.076364    0.060219]
predict: 4061
top-5 real id
['4061', '227', '12109', '4115', '325']
top-5 probability
[    0.13788     0.10642     0.08773     0.08431    0.055279]
predict: 4115
top-5 real id
['4115', '4061', '2311', '12109', '12542']
top-5 probability
[       0.16     0.11143    0.069363    0.057209    0.054979]
predict: 4061
top-5 real id
['4061', '12109', '4115', '2311', '12542']
top-5 probability
[    0.19442     0.13457    0.064223    0.056644    0.046273]
predict: 4061
top-5 real id
['4061', '12109', '227', '2311', '12185']
top-5 probability
[    0.20279     0.10907    0.079779    0.058661    0.053366]
predict: 2311
top-5 real id
['2311', '4061', '12185', '227', '4115']
top-5 probability
[    0.17364      0.1385    0.056135    0.052871    0.052566]
predict: 4061
top-5 real id
['4061', '2311', '325', '227', '12109']
top-5 probability
[    0.19926     0.10362     0.06487    0.057084    0.054184]
predict: 4061
top-5 real id
['4061', '6326', '12109', '325', '227']
top-5 probability
[    0.16972    0.083251    0.065171    0.064958    0.046617]
predict: 4061
top-5 real id
['4061', '12222', '227', '2311', '12109']
top-5 probability
[    0.50741     0.04532     0.03412     0.03384    0.030016]
predict: 4061
top-5 real id
['4061', '227', '12185', '12109', '12542']
top-5 probability
[    0.50154    0.050674    0.042201    0.038713    0.030746]
predict: 4061
top-5 real id
['4061', '12185', '12109', '325', '12542']
top-5 probability
[    0.59364    0.040303    0.039933    0.033366    0.025564]
predict: 4061
top-5 real id
['4061', '4115', '325', '100', '12109']
top-5 probability
[    0.37195    0.049059    0.045745    0.044511    0.037846]
predict: 4061
top-5 real id
['4061', '12109', '4115', '2311', '227']
top-5 probability
[     0.6876    0.049916    0.022664    0.021067    0.019116]
predict: 6081
top-5 real id
['6081', '4061', '325', '8389', '617']
top-5 probability
[   0.091786    0.075271    0.061955    0.054324    0.041893]
predict: 4061
top-5 real id
['4061', '6081', '227', '325', '12501']
top-5 probability
[    0.10726    0.065164    0.064669     0.06265    0.045172]
predict: 4061
top-5 real id
['4061', '6081', '325', '8389', '12448']
top-5 probability
[    0.14117    0.069112    0.054521    0.054519    0.040305]
predict: 325
top-5 real id
['325', '4061', '6081', '8389', '12448']
top-5 probability
[   0.087393    0.079932     0.06763    0.046719    0.043834]
predict: 6081
top-5 real id
['6081', '12530', '6326', '4061', '12439']
top-5 probability
[   0.072964    0.064935     0.05154    0.049006    0.048269]
predict: 4061
top-5 real id
['4061', '227', '12109', '325', '6326']
top-5 probability
[    0.13422    0.058077    0.051753    0.048723    0.047089]
predict: 4061
top-5 real id
['4061', '227', '6081', '12542', '8389']
top-5 probability
[    0.13161     0.05751    0.055368    0.038813    0.038479]
predict: 4061
top-5 real id
['4061', '325', '227', '6081', '6326']
top-5 probability
[    0.11898    0.067089    0.066086    0.052263    0.045236]
predict: 4061
top-5 real id
['4061', '8389', '227', '12439', '6501']
top-5 probability
[   0.087758    0.054103    0.053384    0.051112    0.049641]
predict: 4061
top-5 real id
['4061', '12222', '8389', '227', '6326']
top-5 probability
[   0.091824    0.062464    0.053112    0.049955    0.049806]
predict: 4061
top-5 real id
['4061', '227', '12109', '617', '325']
top-5 probability
[   0.081024    0.065771    0.063053    0.057798     0.05135]
predict: 12109
top-5 real id
['12109', '227', '4061', '617', '325']
top-5 probability
[   0.099634    0.092149    0.079418     0.06578    0.056765]
predict: 12109
top-5 real id
['12109', '617', '227', '2311', '12266']
top-5 probability
[    0.10551    0.082322    0.067801    0.056949    0.053444]
predict: 12109
top-5 real id
['12109', '4061', '617', '227', '12561']
top-5 probability
[   0.093563    0.077438    0.065775    0.059783    0.050809]
predict: 12109
top-5 real id
['12109', '4061', '617', '12185', '227']
top-5 probability
[    0.21649    0.080767    0.073144    0.058073    0.044565]
predict: 12109
top-5 real id
['12109', '4061', '227', '617', '325']
top-5 probability
[    0.13213     0.12151     0.11272    0.060384    0.056727]
predict: 4061
top-5 real id
['4061', '227', '617', '325', '12109']
top-5 probability
[    0.10721      0.0775    0.077225    0.055845    0.050466]
predict: 12109
top-5 real id
['12109', '4061', '227', '12266', '325']
top-5 probability
[    0.17957     0.12678     0.11061    0.045075    0.040969]
predict: 227
top-5 real id
['227', '617', '4061', '12109', '12561']
top-5 probability
[    0.12938     0.10937     0.10118    0.065016    0.054815]
predict: 617
top-5 real id
['617', '4061', '227', '12561', '12501']
top-5 probability
[    0.11439    0.084401    0.071345    0.051974    0.047354]
predict: 100
top-5 real id
['100', '618', '12266', '4061', '12542']
top-5 probability
[    0.24299    0.069307    0.059066    0.056067    0.045502]
predict: 618
top-5 real id
['618', '100', '2529', '12542', '12266']
top-5 probability
[   0.082412    0.079937    0.064637    0.063183    0.056483]
predict: 618
top-5 real id
['618', '12266', '12542', '100', '12109']
top-5 probability
[    0.14211     0.06685    0.066266    0.065362    0.059543]
predict: 618
top-5 real id
['618', '12109', '100', '12266', '4061']
top-5 probability
[   0.095187    0.064457    0.061051    0.060645    0.055913]
predict: 100
top-5 real id
['100', '618', '12266', '12109', '4061']
top-5 probability
[    0.14421     0.13577    0.078236    0.058349    0.049525]
predict: 100
top-5 real id
['100', '618', '4061', '12109', '12266']
top-5 probability
[    0.19923     0.14212    0.052939    0.047249    0.046411]
predict: 100
top-5 real id
['100', '618', '4061', '12439', '12542']
top-5 probability
[    0.14807     0.07042    0.069148    0.063957    0.051228]
predict: 100
top-5 real id
['100', '618', '4061', '227', '12542']
top-5 probability
[   0.078077    0.071531    0.067455    0.054245    0.051917]
predict: 618
top-5 real id
['618', '12266', '100', '4061', '12542']
top-5 probability
[    0.10758     0.09284    0.087164    0.084052    0.075314]
predict: 618
top-5 real id
['618', '12109', '100', '12266', '12542']
top-5 probability
[    0.16983    0.097206     0.07166    0.064428    0.051144]
predict: 12439
top-5 real id
['12439', '6326', '4061', '326', '6501']
top-5 probability
[    0.14064    0.095859    0.074745    0.067628    0.052728]
predict: 6326
top-5 real id
['6326', '12439', '4061', '227', '12185']
top-5 probability
[   0.089951    0.083759    0.082998    0.056936    0.051266]
predict: 12439
top-5 real id
['12439', '6326', '12222', '4061', '12542']
top-5 probability
[    0.13706    0.083367    0.065248    0.061215    0.053429]
predict: 6326
top-5 real id
['6326', '12439', '12448', '227', '4061']
top-5 probability
[    0.18471     0.10453    0.077513    0.069599    0.058791]
predict: 12439
top-5 real id
['12439', '4061', '6326', '6501', '8389']
top-5 probability
[    0.13269     0.11396     0.06248    0.059582    0.044296]
predict: 227
top-5 real id
['227', '6326', '12439', '4061', '12448']
top-5 probability
[   0.089274    0.078074    0.077106    0.069681    0.061774]
predict: 6326
top-5 real id
['6326', '12439', '4061', '326', '12222']
top-5 probability
[    0.15973    0.074972    0.065108    0.058658    0.058079]
predict: 6326
top-5 real id
['6326', '12439', '12542', '6501', '326']
top-5 probability
[     0.1337     0.12767    0.071805    0.061668    0.055852]
predict: 6326
top-5 real id
['6326', '12439', '4061', '227', '326']
top-5 probability
[    0.13891    0.093017    0.066335    0.049841    0.040271]
predict: 6326
top-5 real id
['6326', '12439', '326', '4061', '227']
top-5 probability
[    0.13711    0.092559    0.070213    0.045988    0.041814]
predict: 4061
top-5 real id
['4061', '6356', '12109', '12561', '617']
top-5 probability
[    0.10778     0.10077    0.091405    0.066036    0.065409]
predict: 6356
top-5 real id
['6356', '12448', '12109', '617', '4061']
top-5 probability
[   0.092586    0.076029    0.073278    0.070772    0.061655]
predict: 6356
top-5 real id
['6356', '12109', '617', '4061', '325']
top-5 probability
[   0.093055     0.08781    0.083866     0.08202    0.048567]
predict: 4061
top-5 real id
['4061', '12109', '6356', '12448', '617']
top-5 probability
[     0.1099    0.078538    0.062067    0.058422    0.055629]
predict: 4061
top-5 real id
['4061', '12448', '227', '617', '6356']
top-5 probability
[   0.085155    0.068278    0.061425    0.056939    0.053482]
predict: 4061
top-5 real id
['4061', '12448', '617', '6356', '12109']
top-5 probability
[    0.11007    0.071415     0.06918     0.06089    0.056482]
predict: 12109
top-5 real id
['12109', '6356', '4061', '12501', '12448']
top-5 probability
[     0.1356     0.10342    0.073481    0.058745    0.051689]
predict: 12109
top-5 real id
['12109', '6356', '4061', '617', '12266']
top-5 probability
[    0.13372     0.10483    0.080009    0.054181    0.045348]
predict: 6356
top-5 real id
['6356', '4061', '12109', '227', '617']
top-5 probability
[    0.09212    0.071749    0.071269    0.056575    0.056375]
predict: 12109
top-5 real id
['12109', '6356', '617', '12439', '4061']
top-5 probability
[   0.071719    0.061111    0.059773    0.056356    0.056062]
predict: 6501
top-5 real id
['6501', '2321', '12542', '326', '227']
top-5 probability
[    0.16233    0.080876    0.070196    0.060615    0.044992]
predict: 4061
top-5 real id
['4061', '6501', '12542', '2321', '227']
top-5 probability
[   0.087873    0.085981    0.066565    0.060897    0.048802]
predict: 6501
top-5 real id
['6501', '2321', '227', '4061', '12542']
top-5 probability
[    0.12163    0.073466    0.055695    0.051411    0.049823]
predict: 227
top-5 real id
['227', '12542', '4061', '2321', '326']
top-5 probability
[   0.084936    0.078819    0.075554    0.071925    0.049311]
predict: 6501
top-5 real id
['6501', '2321', '227', '4061', '6326']
top-5 probability
[    0.14807    0.065527    0.059947    0.054478    0.048366]
predict: 6501
top-5 real id
['6501', '12542', '2321', '227', '12561']
top-5 probability
[    0.10857    0.084169    0.063324    0.054592    0.054214]
predict: 12542
top-5 real id
['12542', '6501', '2529', '2321', '12561']
top-5 probability
[    0.11115     0.10807    0.066237     0.06558    0.046986]
predict: 6501
top-5 real id
['6501', '100', '12542', '8389', '326']
top-5 probability
[    0.54362    0.039676    0.034515    0.026546    0.025994]
predict: 6501
top-5 real id
['6501', '2321', '12542', '326', '6326']
top-5 probability
[    0.14918    0.070696    0.070678    0.064507    0.052865]
predict: 4061
top-5 real id
['4061', '12439', '227', '12448', '100']
top-5 probability
[   0.081878    0.069539    0.060064     0.04999    0.042166]
predict: 4061
top-5 real id
['4061', '325', '6501', '12439', '227']
top-5 probability
[   0.091986    0.062359    0.053927    0.051087    0.046346]
predict: 4061
top-5 real id
['4061', '12439', '8389', '227', '325']
top-5 probability
[    0.10074    0.086874    0.054054     0.04922    0.042599]
predict: 4061
top-5 real id
['4061', '325', '12439', '6501', '8389']
top-5 probability
[    0.13105     0.06137    0.061167    0.048166    0.047983]
predict: 4061
top-5 real id
['4061', '8389', '6501', '12439', '325']
top-5 probability
[    0.12096    0.056349    0.048347    0.048164    0.046923]
predict: 4061
top-5 real id
['4061', '12439', '227', '12448', '2321']
top-5 probability
[   0.097805    0.065931    0.062734    0.050746    0.046919]
predict: 4061
top-5 real id
['4061', '12439', '325', '227', '12448']
top-5 probability
[    0.13253     0.07791    0.061694     0.05407    0.048079]
predict: 4061
top-5 real id
['4061', '325', '12439', '6326', '227']
top-5 probability
[    0.16264     0.06594     0.05635    0.043579    0.043123]
predict: 4061
top-5 real id
['4061', '325', '12439', '227', '8389']
top-5 probability
[    0.12315    0.060028    0.056734    0.054911    0.050774]
predict: 12266
top-5 real id
['12266', '12542', '227', '2529', '8406']
top-5 probability
[    0.15014     0.14013     0.13481    0.053814    0.040789]
predict: 12542
top-5 real id
['12542', '12266', '227', '2529', '4061']
top-5 probability
[    0.16762     0.11688     0.10085    0.050547    0.047854]
predict: 12542
top-5 real id
['12542', '8406', '227', '12266', '4061']
top-5 probability
[    0.21554    0.097103    0.096229    0.074087    0.044548]
predict: 12542
top-5 real id
['12542', '12266', '227', '2529', '8406']
top-5 probability
[     0.1719     0.14903     0.10315    0.066751     0.05997]
predict: 12542
top-5 real id
['12542', '12266', '227', '2529', '8406']
top-5 probability
[    0.13394     0.09963    0.094506    0.077703    0.077365]
predict: 12542
top-5 real id
['12542', '8406', '12266', '2529', '227']
top-5 probability
[    0.23373     0.11918    0.095693    0.075193    0.062217]
predict: 12542
top-5 real id
['12542', '8406', '227', '12266', '2529']
top-5 probability
[    0.29354    0.093408    0.075691    0.072982    0.066395]
predict: 12542
top-5 real id
['12542', '227', '2529', '8406', '12266']
top-5 probability
[    0.19686    0.091954    0.060821    0.048903    0.046534]
predict: 12542
top-5 real id
['12542', '8406', '227', '12266', '618']
top-5 probability
[    0.16316     0.09367    0.090264    0.080776    0.057425]
predict: 12542
top-5 real id
['12542', '8406', '12266', '2529', '618']
top-5 probability
[    0.18533     0.13238    0.086625    0.077778    0.055902]
predict: 85
top-5 real id
['85', '12542', '618', '325', '2529']
top-5 probability
[    0.36612    0.075704    0.057404    0.054513    0.052755]
predict: 85
top-5 real id
['85', '227', '12542', '2529', '618']
top-5 probability
[    0.19623    0.068202     0.06728    0.060542    0.051675]
predict: 85
top-5 real id
['85', '12542', '325', '227', '2529']
top-5 probability
[    0.51298    0.051427    0.045876    0.042821    0.027065]
predict: 85
top-5 real id
['85', '12542', '227', '325', '2529']
top-5 probability
[    0.51031    0.058915    0.045068    0.036533    0.032372]
predict: 85
top-5 real id
['85', '227', '12542', '325', '2529']
top-5 probability
[     0.4579    0.070267    0.045381    0.037537    0.034344]
predict: 85
top-5 real id
['85', '325', '12542', '227', '2529']
top-5 probability
[    0.54376     0.05458    0.054501    0.034241    0.032548]
predict: 85
top-5 real id
['85', '227', '325', '12542', '4061']
top-5 probability
[    0.55591    0.064972    0.035704    0.034646    0.023397]
predict: 85
top-5 real id
['85', '227', '12542', '325', '113']
top-5 probability
[    0.44723     0.10523    0.046694    0.033396    0.027095]
predict: 85
top-5 real id
['85', '12542', '325', '227', '4061']
top-5 probability
[    0.50624    0.043577    0.043357    0.041928     0.03313]
predict: 85
top-5 real id
['85', '227', '325', '12542', '2529']
top-5 probability
[    0.46149    0.061998    0.048559    0.047187    0.033307]
