predict: 4061
top-5 real id
['4061', '325', '227', '12109', '6501']
top-5 probability
[    0.21463    0.091851    0.088968     0.04744    0.041195]
predict: 325
top-5 real id
['325', '328', '4061', '12183', '227']
top-5 probability
[    0.51917     0.15529    0.064234    0.022426    0.020596]
predict: 617
top-5 real id
['617', '325', '4061', '227', '12183']
top-5 probability
[    0.27701     0.21037     0.16314    0.054131    0.046699]
predict: 8406
top-5 real id
['8406', '85', '227', '113', '325']
top-5 probability
[    0.16755     0.15032     0.09502    0.073231    0.065926]
predict: 325
top-5 real id
['325', '4061', '227', '617', '12185']
top-5 probability
[    0.35524      0.2551     0.06329    0.039428    0.036447]
predict: 4061
top-5 real id
['4061', '12439', '227', '325', '6501']
top-5 probability
[    0.11799       0.081    0.067791    0.051018    0.048101]
